#
# A fatal error has been detected by the Java Runtime Environment:
#
#  EXCEPTION_ACCESS_VIOLATION (0xc0000005) at pc=0x00007ffd39c4947b, pid=18576, tid=11140
#
# JRE version: OpenJDK Runtime Environment Zulu11.50+19-CA (11.0.12+7) (build 11.0.12+7-LTS)
# Java VM: OpenJDK 64-Bit Server VM Zulu11.50+19-CA (11.0.12+7-LTS, mixed mode, tiered, compressed oops, g1 gc, windows-amd64)
# Problematic frame:
# V  [jvm.dll+0x6d947b]
#
# No core dump will be written. Minidumps are not enabled by default on client versions of Windows
#
# If you would like to submit a bug report, please visit:
#   http://www.azul.com/support/
#

---------------  S U M M A R Y ------------

Command Line: -agentlib:jdwp=transport=dt_socket,suspend=y,address=localhost:60701 -ea -javaagent:C:\Users\cibor\eclipse\java-2021-094\eclipse\configuration\org.eclipse.osgi\222\0\.cp\lib\javaagent-shaded.jar -Dfile.encoding=UTF-8 org.eclipse.jdt.internal.junit.runner.RemoteTestRunner -version 3 -port 60700 -testLoaderClass org.eclipse.jdt.internal.junit5.runner.JUnit5TestLoader -loaderpluginname org.eclipse.jdt.junit5.runtime -classNames br.com.barter.APIbarter.controllers.ProdutoRestControllerTest

Host: Intel(R) Core(TM) i3-6006U CPU @ 2.00GHz, 4 cores, 3G,  Windows 10 , 64 bit Build 19041 (10.0.19041.1348)
Time: Sat Dec  4 15:59:48 2021 Hora oficial do Brasil elapsed time: 21965.480775 seconds (0d 6h 6m 5s)

---------------  T H R E A D  ---------------

Current thread (0x000001e03519f800):  VMThread "VM Thread" [stack: 0x00000056e3f00000,0x00000056e4000000] [id=11140]

Stack: [0x00000056e3f00000,0x00000056e4000000],  sp=0x00000056e3ffed10,  free space=1019k
Native frames: (J=compiled Java code, j=interpreted, Vv=VM code, C=native code)
V  [jvm.dll+0x6d947b]
V  [jvm.dll+0x32e243]
V  [jvm.dll+0x32ff9d]
V  [jvm.dll+0x33082e]
V  [jvm.dll+0x32e09c]
V  [jvm.dll+0x32d2d2]
V  [jvm.dll+0x5f7415]
V  [jvm.dll+0x5f719d]
V  [jvm.dll+0x5bc833]
V  [jvm.dll+0x4ca771]
V  [jvm.dll+0x79542c]
V  [jvm.dll+0x799567]
V  [jvm.dll+0x799dc9]
V  [jvm.dll+0x79a157]
V  [jvm.dll+0x74ef44]
V  [jvm.dll+0x607296]
C  [ucrtbase.dll+0x21bb2]
C  [KERNEL32.DLL+0x17034]
C  [ntdll.dll+0x52651]


siginfo: EXCEPTION_ACCESS_VIOLATION (0xc0000005), reading address 0x0000000000000006


Register to memory mapping:

RIP=0x00007ffd39c4947b jvm.dll
RAX=0x00000056e3ffeda0 points into unknown readable memory: 0x000000002fffffff | ff ff ff 2f 00 00 00 00
RBX=0x00000056e3ffed70 points into unknown readable memory: 0x00007ffd39e109c8 | c8 09 e1 39 fd 7f 00 00
RCX=0x0 is NULL
RDX=0x0 is NULL
RSP=0x00000056e3ffed10 points into unknown readable memory: 0x00000056e3ffed70 | 70 ed ff e3 56 00 00 00
RBP=0x00000056e3fff2c0 points into unknown readable memory: 0x000001e018ea3c98 | 98 3c ea 18 e0 01 00 00
RSI=0x0 is NULL
RDI=0x0 is NULL
R8 =0x0 is NULL
R9 =0x000001e036c0c3b8 is pointing into metadata
R10=0x00007ffd39570000 jvm.dll
R11=0x00000056e3fff1d0 points into unknown readable memory: 0x00000056e3fff290 | 90 f2 ff e3 56 00 00 00
R12=0x000001e018ea3970 points into unknown readable memory: 0x0000000000000000 | 00 00 00 00 00 00 00 00
R13=0x0 is NULL
R14=0x000001e036c0c949 is pointing into metadata
R15=0x000000000000004d is an unknown value


Registers:
RAX=0x00000056e3ffeda0, RBX=0x00000056e3ffed70, RCX=0x0000000000000000, RDX=0x0000000000000000
RSP=0x00000056e3ffed10, RBP=0x00000056e3fff2c0, RSI=0x0000000000000000, RDI=0x0000000000000000
R8 =0x0000000000000000, R9 =0x000001e036c0c3b8, R10=0x00007ffd39570000, R11=0x00000056e3fff1d0
R12=0x000001e018ea3970, R13=0x0000000000000000, R14=0x000001e036c0c949, R15=0x000000000000004d
RIP=0x00007ffd39c4947b, EFLAGS=0x0000000000010246

Top of Stack: (sp=0x00000056e3ffed10)
0x00000056e3ffed10:   00000056e3ffed70 000001e03b9a4b1a
0x00000056e3ffed20:   00000056e3fff029 00007ffd39c499fb
0x00000056e3ffed30:   0000000000000000 00007ffd3989e243
0x00000056e3ffed40:   0000000000000000 00000056e3fff430
0x00000056e3ffed50:   0000000000000050 000001e036afe846
0x00000056e3ffed60:   00007ffd39570000 ffffffffffffffff
0x00000056e3ffed70:   00007ffd39e109c8 0000000000000000
0x00000056e3ffed80:   0000000000000000 00007ffd00000004
0x00000056e3ffed90:   00000056e3ffeda0 0000005600000000
0x00000056e3ffeda0:   000000002fffffff 000001e018ea3a98
0x00000056e3ffedb0:   4fffffff4fffffff 4fffffff4fffffff
0x00000056e3ffedc0:   00007ffd39e109c8 000001e035f43480
0x00000056e3ffedd0:   0000000000000037 000000000000000e
0x00000056e3ffede0:   00000056e3ffee00 00007ffd00000002
0x00000056e3ffedf0:   0000000000000000 00007ffd39c499fb
0x00000056e3ffee00:   4fffffff4fffffff 4fffffff4fffffff 

Instructions: (pc=0x00007ffd39c4947b)
0x00007ffd39c4937b:   48 8b cb ff 50 30 ff 43 14 48 c1 ef 04 eb 86 48
0x00007ffd39c4938b:   8b 03 45 33 c0 33 d2 48 8b cb ff 50 48 ff 43 14
0x00007ffd39c4939b:   48 c1 ef 04 e9 6c ff ff ff 48 8b 03 48 8b cb ff
0x00007ffd39c493ab:   50 38 83 43 14 02 48 c1 ef 04 e9 56 ff ff ff 48
0x00007ffd39c493bb:   8b 03 48 8b cb ff 50 10 ff 43 14 48 c1 ef 04 e9
0x00007ffd39c493cb:   41 ff ff ff 48 8b 03 48 8b cb ff 50 18 83 43 14
0x00007ffd39c493db:   02 48 c1 ef 04 e9 2b ff ff ff 48 8b 0d fc bb 3c
0x00007ffd39c493eb:   00 48 8d 15 dd 0c 22 00 e8 b8 11 f3 ff 48 8b 0d
0x00007ffd39c493fb:   e9 bb 3c 00 48 8d 15 e2 0c 22 00 4c 8b c6 e8 a2
0x00007ffd39c4940b:   11 f3 ff ba cb 00 00 00 48 8d 0d 66 0c 22 00 e8
0x00007ffd39c4941b:   21 61 b7 ff e8 2c 72 f2 ff 48 c1 ef 04 e9 e3 fe
0x00007ffd39c4942b:   ff ff 0f 1f 00 31 93 6d 00 42 93 6d 00 54 93 6d
0x00007ffd39c4943b:   00 66 93 6d 00 78 93 6d 00 a4 93 6d 00 ba 93 6d
0x00007ffd39c4944b:   00 cf 93 6d 00 8a 93 6d 00 e8 92 6d 00 cc cc cc
0x00007ffd39c4945b:   cc cc cc cc cc 40 53 48 83 ec 20 c7 41 10 00 00
0x00007ffd39c4946b:   00 00 48 8b d9 48 89 7c 24 38 48 8b 79 08 33 c9
0x00007ffd39c4947b:   80 7f 06 28 74 26 44 8d 49 28 8d 51 35 48 8d 0d
0x00007ffd39c4948b:   f1 0b 22 00 4c 8d 05 da 0b 22 00 e8 25 5f b7 ff
0x00007ffd39c4949b:   e8 b0 71 f2 ff 8b 4b 10 48 8b 7b 08 8d 41 01 48
0x00007ffd39c494ab:   63 c9 89 43 10 80 7c 39 07 29 0f 84 f3 00 00 00
0x00007ffd39c494bb:   48 89 74 24 30 44 8b c0 48 8d 35 36 6b 92 ff 66
0x00007ffd39c494cb:   0f 1f 44 00 00 4d 63 c8 41 0f be 4c 39 06 83 c1
0x00007ffd39c494db:   be 83 f9 19 0f 87 96 00 00 00 48 63 c9 0f b6 8c
0x00007ffd39c494eb:   0e 5c 96 6d 00 8b 94 8e 4c 96 6d 00 48 03 d6 ff
0x00007ffd39c494fb:   e2 41 8d 40 01 89 43 10 e9 8c 00 00 00 0f 1f 84
0x00007ffd39c4950b:   00 00 00 00 00 48 63 c8 ff c0 89 43 10 44 8b c0
0x00007ffd39c4951b:   80 7c 39 06 3b 75 ee eb 73 41 8d 40 01 89 43 10
0x00007ffd39c4952b:   41 80 7c 39 07 5b 75 1c 0f 1f 40 00 66 0f 1f 84
0x00007ffd39c4953b:   00 00 00 00 00 48 63 c8 ff c0 89 43 10 80 7c 39
0x00007ffd39c4954b:   07 5b 74 f1 48 63 c8 80 7c 39 06 4c 75 1b 0f 1f
0x00007ffd39c4955b:   80 00 00 00 00 48 63 c8 ff c0 89 43 10 44 8b c0
0x00007ffd39c4956b:   80 7c 39 06 3b 75 ee eb 23 ff c0 89 43 10 eb 19 


Stack slot to memory mapping:
stack at sp + 0 slots: 0x00000056e3ffed70 points into unknown readable memory: 0x00007ffd39e109c8 | c8 09 e1 39 fd 7f 00 00
stack at sp + 1 slots: 0x000001e03b9a4b1a points into unknown readable memory: d0 48 05 72 8c 10
stack at sp + 2 slots: 0x00000056e3fff029 points into unknown readable memory: 00 00 00 00 00 00 00
stack at sp + 3 slots: 0x00007ffd39c499fb jvm.dll
stack at sp + 4 slots: 0x0 is NULL
stack at sp + 5 slots: 0x00007ffd3989e243 jvm.dll
stack at sp + 6 slots: 0x0 is NULL
stack at sp + 7 slots: 0x00000056e3fff430 points into unknown readable memory: 0x00007ffd39e4faf8 | f8 fa e4 39 fd 7f 00 00

VM_Operation (0x00000056e49feeb0): GetOrSetLocal, mode: safepoint, requested by thread 0x000001e035e4a000


---------------  P R O C E S S  ---------------

Threads class SMR info:
_java_thread_list=0x000001e03bce7c10, length=18, elements={
0x000001e018dea800, 0x000001e0351d3800, 0x000001e0351d5000, 0x000001e035221800,
0x000001e035222800, 0x000001e035225800, 0x000001e035235800, 0x000001e035b55000,
0x000001e035b59000, 0x000001e035de8800, 0x000001e035e4a000, 0x000001e035e41000,
0x000001e035f39000, 0x000001e035f26000, 0x000001e03d84b000, 0x000001e03a793000,
0x000001e037ac5800, 0x000001e03c016000
}

Java Threads: ( => current thread )
  0x000001e018dea800 JavaThread "main" [_thread_blocked, id=16044, stack(0x00000056e3900000,0x00000056e3a00000)]
  0x000001e0351d3800 JavaThread "Reference Handler" daemon [_thread_blocked, id=4788, stack(0x00000056e4000000,0x00000056e4100000)]
  0x000001e0351d5000 JavaThread "Finalizer" daemon [_thread_blocked, id=11072, stack(0x00000056e4100000,0x00000056e4200000)]
  0x000001e035221800 JavaThread "Signal Dispatcher" daemon [_thread_blocked, id=18480, stack(0x00000056e4200000,0x00000056e4300000)]
  0x000001e035222800 JavaThread "Attach Listener" daemon [_thread_blocked, id=6484, stack(0x00000056e4300000,0x00000056e4400000)]
  0x000001e035225800 JavaThread "Service Thread" daemon [_thread_blocked, id=2580, stack(0x00000056e4400000,0x00000056e4500000)]
  0x000001e035235800 JavaThread "C2 CompilerThread0" daemon [_thread_blocked, id=10004, stack(0x00000056e4500000,0x00000056e4600000)]
  0x000001e035b55000 JavaThread "C1 CompilerThread0" daemon [_thread_blocked, id=7808, stack(0x00000056e4600000,0x00000056e4700000)]
  0x000001e035b59000 JavaThread "Sweeper thread" daemon [_thread_blocked, id=18336, stack(0x00000056e4700000,0x00000056e4800000)]
  0x000001e035de8800 JavaThread "Common-Cleaner" daemon [_thread_blocked, id=7924, stack(0x00000056e4800000,0x00000056e4900000)]
  0x000001e035e4a000 JavaThread "JDWP Transport Listener: dt_socket" daemon [_thread_blocked, id=19480, stack(0x00000056e4900000,0x00000056e4a00000)] _threads_hazard_ptr=0x000001e03bce7c10
  0x000001e035e41000 JavaThread "JDWP Event Helper Thread" daemon [_thread_blocked, id=7744, stack(0x00000056e4a00000,0x00000056e4b00000)]
  0x000001e035f39000 JavaThread "JDWP Command Reader" daemon [_thread_in_native, id=9872, stack(0x00000056e4b00000,0x00000056e4c00000)]
  0x000001e035f26000 JavaThread "ReaderThread" [_thread_in_native, id=12892, stack(0x00000056e4e00000,0x00000056e4f00000)]
  0x000001e03d84b000 JavaThread "Gax-1" daemon [_thread_blocked, id=10872, stack(0x00000056e5200000,0x00000056e5300000)]
  0x000001e03a793000 JavaThread "Gax-2" daemon [_thread_blocked, id=14136, stack(0x00000056e5400000,0x00000056e5500000)]
  0x000001e037ac5800 JavaThread "Gax-3" daemon [_thread_blocked, id=19384, stack(0x00000056e5300000,0x00000056e5400000)]
  0x000001e03c016000 JavaThread "Gax-4" daemon [_thread_blocked, id=17224, stack(0x00000056e5500000,0x00000056e5600000)]

Other Threads:
=>0x000001e03519f800 VMThread "VM Thread" [stack: 0x00000056e3f00000,0x00000056e4000000] [id=11140]
  0x000001e036542800 WatcherThread [stack: 0x00000056e4c00000,0x00000056e4d00000] [id=8048]
  0x000001e018e03000 GCTaskThread "GC Thread#0" [stack: 0x00000056e3a00000,0x00000056e3b00000] [id=18668]
  0x000001e03654c000 GCTaskThread "GC Thread#1" [stack: 0x00000056e4d00000,0x00000056e4e00000] [id=14384]
  0x000001e0371d7800 GCTaskThread "GC Thread#2" [stack: 0x00000056e4f00000,0x00000056e5000000] [id=20396]
  0x000001e037280800 GCTaskThread "GC Thread#3" [stack: 0x00000056e5000000,0x00000056e5100000] [id=10244]
  0x000001e018e1c800 ConcurrentGCThread "G1 Main Marker" [stack: 0x00000056e3b00000,0x00000056e3c00000] [id=17236]
  0x000001e018e1e000 ConcurrentGCThread "G1 Conc#0" [stack: 0x00000056e3c00000,0x00000056e3d00000] [id=8948]
  0x000001e018e79000 ConcurrentGCThread "G1 Refine#0" [stack: 0x00000056e3d00000,0x00000056e3e00000] [id=3584]
  0x000001e018e7a000 ConcurrentGCThread "G1 Young RemSet Sampling" [stack: 0x00000056e3e00000,0x00000056e3f00000] [id=17764]

Threads with active compile tasks:

VM state:at safepoint (normal execution)

VM Mutex/Monitor currently owned by a thread:  ([mutex/lock_event])
[0x000001e018de68d0] Threads_lock - owner thread: 0x000001e03519f800

Heap address: 0x00000000c1a00000, size: 998 MB, Compressed Oops mode: 32-bit
Narrow klass base: 0x0000000000000000, Narrow klass shift: 3
Compressed class space size: 1073741824 Address: 0x0000000100000000

Heap:
 garbage-first heap   total 95232K, used 37158K [0x00000000c1a00000, 0x0000000100000000)
  region size 1024K, 7 young (7168K), 3 survivors (3072K)
 Metaspace       used 66309K, capacity 68035K, committed 68272K, reserved 1107968K
  class space    used 8196K, capacity 8845K, committed 8960K, reserved 1048576K
Heap Regions: E=young(eden), S=young(survivor), O=old, HS=humongous(starts), HC=humongous(continues), CS=collection set, F=free, A=archive, TAMS=top-at-mark-start (previous, next)
|   0|0x00000000c1a00000, 0x00000000c1b00000, 0x00000000c1b00000|100%| O|  |TAMS 0x00000000c1b00000, 0x00000000c1a00000| Untracked 
|   1|0x00000000c1b00000, 0x00000000c1c00000, 0x00000000c1c00000|100%| O|  |TAMS 0x00000000c1c00000, 0x00000000c1b00000| Untracked 
|   2|0x00000000c1c00000, 0x00000000c1d00000, 0x00000000c1d00000|100%| O|  |TAMS 0x00000000c1d00000, 0x00000000c1c00000| Untracked 
|   3|0x00000000c1d00000, 0x00000000c1e00000, 0x00000000c1e00000|100%| O|  |TAMS 0x00000000c1e00000, 0x00000000c1d00000| Untracked 
|   4|0x00000000c1e00000, 0x00000000c1f00000, 0x00000000c1f00000|100%| O|  |TAMS 0x00000000c1f00000, 0x00000000c1e00000| Untracked 
|   5|0x00000000c1f00000, 0x00000000c2000000, 0x00000000c2000000|100%| O|  |TAMS 0x00000000c2000000, 0x00000000c1f00000| Untracked 
|   6|0x00000000c2000000, 0x00000000c2100000, 0x00000000c2100000|100%| O|  |TAMS 0x00000000c2100000, 0x00000000c2000000| Untracked 
|   7|0x00000000c2100000, 0x00000000c2200000, 0x00000000c2200000|100%| O|  |TAMS 0x00000000c2200000, 0x00000000c2100000| Untracked 
|   8|0x00000000c2200000, 0x00000000c2300000, 0x00000000c2300000|100%| O|  |TAMS 0x00000000c2300000, 0x00000000c2200000| Untracked 
|   9|0x00000000c2300000, 0x00000000c2400000, 0x00000000c2400000|100%| O|  |TAMS 0x00000000c2400000, 0x00000000c2300000| Untracked 
|  10|0x00000000c2400000, 0x00000000c2500000, 0x00000000c2500000|100%| O|  |TAMS 0x00000000c2500000, 0x00000000c2400000| Untracked 
|  11|0x00000000c2500000, 0x00000000c2600000, 0x00000000c2600000|100%| O|  |TAMS 0x00000000c2600000, 0x00000000c2500000| Untracked 
|  12|0x00000000c2600000, 0x00000000c2700000, 0x00000000c2700000|100%| O|  |TAMS 0x00000000c2700000, 0x00000000c2600000| Untracked 
|  13|0x00000000c2700000, 0x00000000c2800000, 0x00000000c2800000|100%| O|  |TAMS 0x00000000c2800000, 0x00000000c2700000| Untracked 
|  14|0x00000000c2800000, 0x00000000c2900000, 0x00000000c2900000|100%| O|  |TAMS 0x00000000c2900000, 0x00000000c2800000| Untracked 
|  15|0x00000000c2900000, 0x00000000c2a00000, 0x00000000c2a00000|100%| O|  |TAMS 0x00000000c2a00000, 0x00000000c2900000| Untracked 
|  16|0x00000000c2a00000, 0x00000000c2b00000, 0x00000000c2b00000|100%| O|  |TAMS 0x00000000c2b00000, 0x00000000c2a00000| Untracked 
|  17|0x00000000c2b00000, 0x00000000c2c00000, 0x00000000c2c00000|100%| O|  |TAMS 0x00000000c2c00000, 0x00000000c2b00000| Untracked 
|  18|0x00000000c2c00000, 0x00000000c2d00000, 0x00000000c2d00000|100%| O|  |TAMS 0x00000000c2d00000, 0x00000000c2c00000| Untracked 
|  19|0x00000000c2d00000, 0x00000000c2e00000, 0x00000000c2e00000|100%| O|  |TAMS 0x00000000c2e00000, 0x00000000c2d00000| Untracked 
|  20|0x00000000c2e00000, 0x00000000c2f00000, 0x00000000c2f00000|100%| O|  |TAMS 0x00000000c2f00000, 0x00000000c2e00000| Untracked 
|  21|0x00000000c2f00000, 0x00000000c3000000, 0x00000000c3000000|100%| O|  |TAMS 0x00000000c3000000, 0x00000000c2f00000| Untracked 
|  22|0x00000000c3000000, 0x00000000c3100000, 0x00000000c3100000|100%| O|  |TAMS 0x00000000c3100000, 0x00000000c3000000| Untracked 
|  23|0x00000000c3100000, 0x00000000c3200000, 0x00000000c3200000|100%| O|  |TAMS 0x00000000c3200000, 0x00000000c3100000| Untracked 
|  24|0x00000000c3200000, 0x00000000c3300000, 0x00000000c3300000|100%| O|  |TAMS 0x00000000c32a1200, 0x00000000c3200000| Untracked 
|  25|0x00000000c3300000, 0x00000000c3400000, 0x00000000c3400000|100%| O|  |TAMS 0x00000000c3300000, 0x00000000c3300000| Untracked 
|  26|0x00000000c3400000, 0x00000000c3500000, 0x00000000c3500000|100%| O|  |TAMS 0x00000000c3400000, 0x00000000c3400000| Untracked 
|  27|0x00000000c3500000, 0x00000000c3600000, 0x00000000c3600000|100%| O|  |TAMS 0x00000000c3500000, 0x00000000c3500000| Untracked 
|  28|0x00000000c3600000, 0x00000000c3700000, 0x00000000c3700000|100%| O|  |TAMS 0x00000000c3600000, 0x00000000c3600000| Untracked 
|  29|0x00000000c3700000, 0x00000000c3800000, 0x00000000c3800000|100%| O|  |TAMS 0x00000000c3700000, 0x00000000c3700000| Untracked 
|  30|0x00000000c3800000, 0x00000000c38b1200, 0x00000000c3900000| 69%| O|  |TAMS 0x00000000c3800000, 0x00000000c3800000| Untracked 
|  31|0x00000000c3900000, 0x00000000c3900000, 0x00000000c3a00000|  0%| F|  |TAMS 0x00000000c3900000, 0x00000000c3900000| Untracked 
|  32|0x00000000c3a00000, 0x00000000c3a00000, 0x00000000c3b00000|  0%| F|  |TAMS 0x00000000c3a00000, 0x00000000c3a00000| Untracked 
|  33|0x00000000c3b00000, 0x00000000c3b00000, 0x00000000c3c00000|  0%| F|  |TAMS 0x00000000c3b00000, 0x00000000c3b00000| Untracked 
|  34|0x00000000c3c00000, 0x00000000c3c00000, 0x00000000c3d00000|  0%| F|  |TAMS 0x00000000c3c00000, 0x00000000c3c00000| Untracked 
|  35|0x00000000c3d00000, 0x00000000c3d00000, 0x00000000c3e00000|  0%| F|  |TAMS 0x00000000c3d00000, 0x00000000c3d00000| Untracked 
|  36|0x00000000c3e00000, 0x00000000c3e00000, 0x00000000c3f00000|  0%| F|  |TAMS 0x00000000c3e00000, 0x00000000c3e00000| Untracked 
|  37|0x00000000c3f00000, 0x00000000c3f00000, 0x00000000c4000000|  0%| F|  |TAMS 0x00000000c3f00000, 0x00000000c3f00000| Untracked 
|  38|0x00000000c4000000, 0x00000000c4000000, 0x00000000c4100000|  0%| F|  |TAMS 0x00000000c4000000, 0x00000000c4000000| Untracked 
|  39|0x00000000c4100000, 0x00000000c4100000, 0x00000000c4200000|  0%| F|  |TAMS 0x00000000c4100000, 0x00000000c4100000| Untracked 
|  40|0x00000000c4200000, 0x00000000c4200000, 0x00000000c4300000|  0%| F|  |TAMS 0x00000000c4200000, 0x00000000c4200000| Untracked 
|  41|0x00000000c4300000, 0x00000000c4300000, 0x00000000c4400000|  0%| F|  |TAMS 0x00000000c4300000, 0x00000000c4300000| Untracked 
|  42|0x00000000c4400000, 0x00000000c4400000, 0x00000000c4500000|  0%| F|  |TAMS 0x00000000c4400000, 0x00000000c4400000| Untracked 
|  43|0x00000000c4500000, 0x00000000c4500000, 0x00000000c4600000|  0%| F|  |TAMS 0x00000000c4500000, 0x00000000c4500000| Untracked 
|  44|0x00000000c4600000, 0x00000000c4600000, 0x00000000c4700000|  0%| F|  |TAMS 0x00000000c4600000, 0x00000000c4600000| Untracked 
|  45|0x00000000c4700000, 0x00000000c4700000, 0x00000000c4800000|  0%| F|  |TAMS 0x00000000c4700000, 0x00000000c4700000| Untracked 
|  46|0x00000000c4800000, 0x00000000c4800000, 0x00000000c4900000|  0%| F|  |TAMS 0x00000000c4800000, 0x00000000c4800000| Untracked 
|  47|0x00000000c4900000, 0x00000000c4900000, 0x00000000c4a00000|  0%| F|  |TAMS 0x00000000c4900000, 0x00000000c4900000| Untracked 
|  48|0x00000000c4a00000, 0x00000000c4a00000, 0x00000000c4b00000|  0%| F|  |TAMS 0x00000000c4a00000, 0x00000000c4a00000| Untracked 
|  49|0x00000000c4b00000, 0x00000000c4b00000, 0x00000000c4c00000|  0%| F|  |TAMS 0x00000000c4b00000, 0x00000000c4b00000| Untracked 
|  50|0x00000000c4c00000, 0x00000000c4c989b8, 0x00000000c4d00000| 59%| S|CS|TAMS 0x00000000c4c00000, 0x00000000c4c00000| Complete 
|  51|0x00000000c4d00000, 0x00000000c4e00000, 0x00000000c4e00000|100%| S|CS|TAMS 0x00000000c4d00000, 0x00000000c4d00000| Complete 
|  52|0x00000000c4e00000, 0x00000000c4f00000, 0x00000000c4f00000|100%| S|CS|TAMS 0x00000000c4e00000, 0x00000000c4e00000| Complete 
|  53|0x00000000c4f00000, 0x00000000c4f00000, 0x00000000c5000000|  0%| F|  |TAMS 0x00000000c4f00000, 0x00000000c4f00000| Untracked 
|  54|0x00000000c5000000, 0x00000000c5000000, 0x00000000c5100000|  0%| F|  |TAMS 0x00000000c5000000, 0x00000000c5000000| Untracked 
|  55|0x00000000c5100000, 0x00000000c5100000, 0x00000000c5200000|  0%| F|  |TAMS 0x00000000c5100000, 0x00000000c5100000| Untracked 
|  56|0x00000000c5200000, 0x00000000c5200000, 0x00000000c5300000|  0%| F|  |TAMS 0x00000000c5200000, 0x00000000c5200000| Untracked 
|  57|0x00000000c5300000, 0x00000000c5300000, 0x00000000c5400000|  0%| F|  |TAMS 0x00000000c5300000, 0x00000000c5300000| Untracked 
|  58|0x00000000c5400000, 0x00000000c5400000, 0x00000000c5500000|  0%| F|  |TAMS 0x00000000c5400000, 0x00000000c5400000| Untracked 
|  59|0x00000000c5500000, 0x00000000c5500000, 0x00000000c5600000|  0%| F|  |TAMS 0x00000000c5500000, 0x00000000c5500000| Untracked 
|  60|0x00000000c5600000, 0x00000000c5600000, 0x00000000c5700000|  0%| F|  |TAMS 0x00000000c5600000, 0x00000000c5600000| Untracked 
|  61|0x00000000c5700000, 0x00000000c5700000, 0x00000000c5800000|  0%| F|  |TAMS 0x00000000c5700000, 0x00000000c5700000| Untracked 
|  62|0x00000000c5800000, 0x00000000c5800000, 0x00000000c5900000|  0%| F|  |TAMS 0x00000000c5800000, 0x00000000c5800000| Untracked 
|  63|0x00000000c5900000, 0x00000000c5900000, 0x00000000c5a00000|  0%| F|  |TAMS 0x00000000c5900000, 0x00000000c5900000| Untracked 
|  64|0x00000000c5a00000, 0x00000000c5a00000, 0x00000000c5b00000|  0%| F|  |TAMS 0x00000000c5a00000, 0x00000000c5a00000| Untracked 
|  65|0x00000000c5b00000, 0x00000000c5b00000, 0x00000000c5c00000|  0%| F|  |TAMS 0x00000000c5b00000, 0x00000000c5b00000| Untracked 
|  66|0x00000000c5c00000, 0x00000000c5c00000, 0x00000000c5d00000|  0%| F|  |TAMS 0x00000000c5c00000, 0x00000000c5c00000| Untracked 
|  67|0x00000000c5d00000, 0x00000000c5d00000, 0x00000000c5e00000|  0%| F|  |TAMS 0x00000000c5d00000, 0x00000000c5d00000| Untracked 
|  68|0x00000000c5e00000, 0x00000000c5e00000, 0x00000000c5f00000|  0%| F|  |TAMS 0x00000000c5e00000, 0x00000000c5e00000| Untracked 
|  69|0x00000000c5f00000, 0x00000000c5f00000, 0x00000000c6000000|  0%| F|  |TAMS 0x00000000c5f00000, 0x00000000c5f00000| Untracked 
|  70|0x00000000c6000000, 0x00000000c6000000, 0x00000000c6100000|  0%| F|  |TAMS 0x00000000c6000000, 0x00000000c6000000| Untracked 
|  71|0x00000000c6100000, 0x00000000c6100000, 0x00000000c6200000|  0%| F|  |TAMS 0x00000000c6100000, 0x00000000c6100000| Untracked 
|  72|0x00000000c6200000, 0x00000000c6200000, 0x00000000c6300000|  0%| F|  |TAMS 0x00000000c6200000, 0x00000000c6200000| Untracked 
|  73|0x00000000c6300000, 0x00000000c6300000, 0x00000000c6400000|  0%| F|  |TAMS 0x00000000c6300000, 0x00000000c6300000| Untracked 
|  74|0x00000000c6400000, 0x00000000c6400000, 0x00000000c6500000|  0%| F|  |TAMS 0x00000000c6400000, 0x00000000c6400000| Untracked 
|  75|0x00000000c6500000, 0x00000000c6500000, 0x00000000c6600000|  0%| F|  |TAMS 0x00000000c6500000, 0x00000000c6500000| Untracked 
|  76|0x00000000c6600000, 0x00000000c6600000, 0x00000000c6700000|  0%| F|  |TAMS 0x00000000c6600000, 0x00000000c6600000| Untracked 
|  77|0x00000000c6700000, 0x00000000c6700000, 0x00000000c6800000|  0%| F|  |TAMS 0x00000000c6700000, 0x00000000c6700000| Untracked 
|  78|0x00000000c6800000, 0x00000000c6800000, 0x00000000c6900000|  0%| F|  |TAMS 0x00000000c6800000, 0x00000000c6800000| Untracked 
|  79|0x00000000c6900000, 0x00000000c6900000, 0x00000000c6a00000|  0%| F|  |TAMS 0x00000000c6900000, 0x00000000c6900000| Untracked 
|  80|0x00000000c6a00000, 0x00000000c6a00000, 0x00000000c6b00000|  0%| F|  |TAMS 0x00000000c6a00000, 0x00000000c6a00000| Untracked 
|  81|0x00000000c6b00000, 0x00000000c6b00000, 0x00000000c6c00000|  0%| F|  |TAMS 0x00000000c6b00000, 0x00000000c6b00000| Untracked 
|  82|0x00000000c6c00000, 0x00000000c6c00000, 0x00000000c6d00000|  0%| F|  |TAMS 0x00000000c6c00000, 0x00000000c6c00000| Untracked 
|  83|0x00000000c6d00000, 0x00000000c6d00000, 0x00000000c6e00000|  0%| F|  |TAMS 0x00000000c6d00000, 0x00000000c6d00000| Untracked 
|  84|0x00000000c6e00000, 0x00000000c6e00000, 0x00000000c6f00000|  0%| F|  |TAMS 0x00000000c6e00000, 0x00000000c6e00000| Untracked 
|  85|0x00000000c6f00000, 0x00000000c6f00000, 0x00000000c7000000|  0%| F|  |TAMS 0x00000000c6f00000, 0x00000000c6f00000| Untracked 
|  86|0x00000000c7000000, 0x00000000c7000000, 0x00000000c7100000|  0%| F|  |TAMS 0x00000000c7000000, 0x00000000c7000000| Untracked 
|  87|0x00000000c7100000, 0x00000000c7100000, 0x00000000c7200000|  0%| F|  |TAMS 0x00000000c7100000, 0x00000000c7100000| Untracked 
|  88|0x00000000c7200000, 0x00000000c7200000, 0x00000000c7300000|  0%| F|  |TAMS 0x00000000c7200000, 0x00000000c7200000| Untracked 
|  89|0x00000000c7300000, 0x00000000c73645a0, 0x00000000c7400000| 39%| E|  |TAMS 0x00000000c7300000, 0x00000000c7300000| Complete 
|  90|0x00000000c7400000, 0x00000000c7500000, 0x00000000c7500000|100%| E|CS|TAMS 0x00000000c7400000, 0x00000000c7400000| Complete 
|  91|0x00000000c7500000, 0x00000000c7600000, 0x00000000c7600000|100%| E|CS|TAMS 0x00000000c7500000, 0x00000000c7500000| Complete 
|  92|0x00000000c7600000, 0x00000000c7700000, 0x00000000c7700000|100%| E|CS|TAMS 0x00000000c7600000, 0x00000000c7600000| Complete 

Card table byte_map: [0x000001e0309d0000,0x000001e030bd0000] _byte_map_base: 0x000001e0303c3000

Marking Bits (Prev, Next): (CMBitMap*) 0x000001e018e17ed0, (CMBitMap*) 0x000001e018e17e98
 Prev Bits: [0x000001e031d70000, 0x000001e032d08000)
 Next Bits: [0x000001e030dd0000, 0x000001e031d68000)

Polling page: 0x000001e016d50000

Metaspace:

Usage:
  Non-class:     57.80 MB capacity,    56.75 MB ( 98%) used,   856.84 KB (  1%) free+waste,   220.69 KB ( <1%) overhead. 
      Class:      8.64 MB capacity,     8.00 MB ( 93%) used,   548.20 KB (  6%) free+waste,    99.88 KB (  1%) overhead. 
       Both:     66.44 MB capacity,    64.76 MB ( 97%) used,     1.37 MB (  2%) free+waste,   320.56 KB ( <1%) overhead. 

Virtual space:
  Non-class space:       58.00 MB reserved,      57.92 MB (>99%) committed 
      Class space:        1.00 GB reserved,       8.75 MB ( <1%) committed 
             Both:        1.06 GB reserved,      66.67 MB (  6%) committed 

Chunk freelists:
   Non-Class:  58.00 KB
       Class:  0 bytes
        Both:  58.00 KB

MaxMetaspaceSize: 17179869184.00 GB
CompressedClassSpaceSize: 1.00 GB
Initial GC threshold: 20.80 MB
Current GC threshold: 98.41 MB
CDS: off

CodeHeap 'non-profiled nmethods': size=120064Kb used=4708Kb max_used=4708Kb free=115355Kb
 bounds [0x000001e029290000, 0x000001e029730000, 0x000001e0307d0000]
CodeHeap 'profiled nmethods': size=120000Kb used=15342Kb max_used=15342Kb free=104657Kb
 bounds [0x000001e021d60000, 0x000001e022c60000, 0x000001e029290000]
CodeHeap 'non-nmethods': size=5696Kb used=1381Kb max_used=1476Kb free=4314Kb
 bounds [0x000001e0217d0000, 0x000001e021a40000, 0x000001e021d60000]
 total_blobs=7046 nmethods=6456 adapters=510
 compilation: enabled
              stopped_count=0, restarted_count=0
 full_count=0

Compilation events (20 events):
Event: 15564.226 Thread 0x000001e035b55000 6607       3       java.util.concurrent.locks.ReentrantLock$NonfairSync::tryAcquire (6 bytes)
Event: 15564.253 Thread 0x000001e035b55000 nmethod 6607 0x000001e022c5a290 code [0x000001e022c5a440, 0x000001e022c5a588]
Event: 15576.669 Thread 0x000001e035235800 6608       4       jdk.internal.misc.InnocuousThread::eraseThreadLocals (23 bytes)
Event: 15576.722 Thread 0x000001e035235800 nmethod 6608 0x000001e029727710 code [0x000001e0297278a0, 0x000001e029727998]
Event: 20343.737 Thread 0x000001e035b55000 6609       3       java.util.concurrent.ConcurrentHashMap$Traverser::<init> (36 bytes)
Event: 20343.738 Thread 0x000001e035235800 6610       4       java.util.concurrent.locks.AbstractQueuedSynchronizer::release (33 bytes)
Event: 20343.806 Thread 0x000001e035b55000 nmethod 6609 0x000001e022c5a610 code [0x000001e022c5a7c0, 0x000001e022c5a9b8]
Event: 20344.152 Thread 0x000001e035235800 nmethod 6610 0x000001e029727a10 code [0x000001e029727bc0, 0x000001e029727e48]
Event: 20344.152 Thread 0x000001e035235800 6612       4       java.util.concurrent.ThreadPoolExecutor::runStateAtLeast (11 bytes)
Event: 20344.153 Thread 0x000001e035235800 nmethod 6612 0x000001e029728110 code [0x000001e0297282a0, 0x000001e0297282f8]
Event: 20344.154 Thread 0x000001e035235800 6611       4       java.util.concurrent.ScheduledThreadPoolExecutor::canRunInCurrentRunState (61 bytes)
Event: 20344.199 Thread 0x000001e035235800 nmethod 6611 0x000001e029728410 code [0x000001e0297285a0, 0x000001e029728658]
Event: 20374.239 Thread 0x000001e035235800 6613       4       java.util.concurrent.TimeUnit::toNanos (45 bytes)
Event: 20374.239 Thread 0x000001e035b55000 6614       3       java.util.concurrent.locks.ReentrantLock$Sync::nonfairTryAcquire (67 bytes)
Event: 20374.250 Thread 0x000001e035235800 nmethod 6613 0x000001e029728790 code [0x000001e029728920, 0x000001e0297289b8]
Event: 20374.311 Thread 0x000001e035b55000 nmethod 6614 0x000001e022c5aa90 code [0x000001e022c5ad00, 0x000001e022c5b5c8]
Event: 20444.221 Thread 0x000001e035235800 6615       4       java.util.concurrent.TimeUnit::convert (77 bytes)
Event: 20444.237 Thread 0x000001e035235800 nmethod 6615 0x000001e029728a90 code [0x000001e029728c20, 0x000001e029728d58]
Event: 20644.228 Thread 0x000001e035235800 6616       4       java.util.concurrent.ScheduledThreadPoolExecutor$ScheduledFutureTask::getDelay (16 bytes)
Event: 20644.245 Thread 0x000001e035235800 nmethod 6616 0x000001e029728e90 code [0x000001e029729020, 0x000001e029729178]

GC Heap History (20 events):
Event: 21.252 GC heap before
{Heap before GC invocations=17 (full 0):
 garbage-first heap   total 95232K, used 72054K [0x00000000c1a00000, 0x0000000100000000)
  region size 1024K, 55 young (56320K), 5 survivors (5120K)
 Metaspace       used 48903K, capacity 50189K, committed 50224K, reserved 1093632K
  class space    used 6031K, capacity 6514K, committed 6528K, reserved 1048576K
}
Event: 21.265 GC heap after
{Heap after GC invocations=18 (full 0):
 garbage-first heap   total 95232K, used 22558K [0x00000000c1a00000, 0x0000000100000000)
  region size 1024K, 5 young (5120K), 5 survivors (5120K)
 Metaspace       used 48903K, capacity 50189K, committed 50224K, reserved 1093632K
  class space    used 6031K, capacity 6514K, committed 6528K, reserved 1048576K
}
Event: 22.850 GC heap before
{Heap before GC invocations=18 (full 0):
 garbage-first heap   total 95232K, used 73758K [0x00000000c1a00000, 0x0000000100000000)
  region size 1024K, 55 young (56320K), 5 survivors (5120K)
 Metaspace       used 52930K, capacity 54241K, committed 54320K, reserved 1097728K
  class space    used 6530K, capacity 7034K, committed 7040K, reserved 1048576K
}
Event: 22.862 GC heap after
{Heap after GC invocations=19 (full 0):
 garbage-first heap   total 95232K, used 23271K [0x00000000c1a00000, 0x0000000100000000)
  region size 1024K, 5 young (5120K), 5 survivors (5120K)
 Metaspace       used 52930K, capacity 54241K, committed 54320K, reserved 1097728K
  class space    used 6530K, capacity 7034K, committed 7040K, reserved 1048576K
}
Event: 24.479 GC heap before
{Heap before GC invocations=19 (full 0):
 garbage-first heap   total 95232K, used 74471K [0x00000000c1a00000, 0x0000000100000000)
  region size 1024K, 55 young (56320K), 5 survivors (5120K)
 Metaspace       used 57018K, capacity 58338K, committed 58544K, reserved 1099776K
  class space    used 7040K, capacity 7563K, committed 7680K, reserved 1048576K
}
Event: 24.492 GC heap after
{Heap after GC invocations=20 (full 0):
 garbage-first heap   total 95232K, used 25129K [0x00000000c1a00000, 0x0000000100000000)
  region size 1024K, 5 young (5120K), 5 survivors (5120K)
 Metaspace       used 57018K, capacity 58338K, committed 58544K, reserved 1099776K
  class space    used 7040K, capacity 7563K, committed 7680K, reserved 1048576K
}
Event: 26.683 GC heap before
{Heap before GC invocations=20 (full 0):
 garbage-first heap   total 95232K, used 76329K [0x00000000c1a00000, 0x0000000100000000)
  region size 1024K, 55 young (56320K), 5 survivors (5120K)
 Metaspace       used 58664K, capacity 60062K, committed 60208K, reserved 1101824K
  class space    used 7237K, capacity 7783K, committed 7808K, reserved 1048576K
}
Event: 26.697 GC heap after
{Heap after GC invocations=21 (full 0):
 garbage-first heap   total 95232K, used 27287K [0x00000000c1a00000, 0x0000000100000000)
  region size 1024K, 5 young (5120K), 5 survivors (5120K)
 Metaspace       used 58664K, capacity 60062K, committed 60208K, reserved 1101824K
  class space    used 7237K, capacity 7783K, committed 7808K, reserved 1048576K
}
Event: 26.782 GC heap before
{Heap before GC invocations=21 (full 0):
 garbage-first heap   total 95232K, used 29335K [0x00000000c1a00000, 0x0000000100000000)
  region size 1024K, 8 young (8192K), 5 survivors (5120K)
 Metaspace       used 58769K, capacity 60126K, committed 60208K, reserved 1101824K
  class space    used 7240K, capacity 7783K, committed 7808K, reserved 1048576K
}
Event: 26.796 GC heap after
{Heap after GC invocations=22 (full 0):
 garbage-first heap   total 95232K, used 27268K [0x00000000c1a00000, 0x0000000100000000)
  region size 1024K, 2 young (2048K), 2 survivors (2048K)
 Metaspace       used 58769K, capacity 60126K, committed 60208K, reserved 1101824K
  class space    used 7240K, capacity 7783K, committed 7808K, reserved 1048576K
}
Event: 28.204 GC heap before
{Heap before GC invocations=23 (full 0):
 garbage-first heap   total 95232K, used 65156K [0x00000000c1a00000, 0x0000000100000000)
  region size 1024K, 39 young (39936K), 2 survivors (2048K)
 Metaspace       used 59732K, capacity 61191K, committed 61360K, reserved 1103872K
  class space    used 7354K, capacity 7919K, committed 7936K, reserved 1048576K
}
Event: 28.213 GC heap after
{Heap after GC invocations=24 (full 0):
 garbage-first heap   total 95232K, used 28648K [0x00000000c1a00000, 0x0000000100000000)
  region size 1024K, 4 young (4096K), 4 survivors (4096K)
 Metaspace       used 59732K, capacity 61191K, committed 61360K, reserved 1103872K
  class space    used 7354K, capacity 7919K, committed 7936K, reserved 1048576K
}
Event: 28.904 GC heap before
{Heap before GC invocations=24 (full 0):
 garbage-first heap   total 95232K, used 66536K [0x00000000c1a00000, 0x0000000100000000)
  region size 1024K, 41 young (41984K), 4 survivors (4096K)
 Metaspace       used 60723K, capacity 62181K, committed 62256K, reserved 1103872K
  class space    used 7484K, capacity 8033K, committed 8064K, reserved 1048576K
}
Event: 28.914 GC heap after
{Heap after GC invocations=25 (full 0):
 garbage-first heap   total 95232K, used 29894K [0x00000000c1a00000, 0x0000000100000000)
  region size 1024K, 5 young (5120K), 5 survivors (5120K)
 Metaspace       used 60723K, capacity 62181K, committed 62256K, reserved 1103872K
  class space    used 7484K, capacity 8033K, committed 8064K, reserved 1048576K
}
Event: 29.793 GC heap before
{Heap before GC invocations=25 (full 0):
 garbage-first heap   total 95232K, used 68806K [0x00000000c1a00000, 0x0000000100000000)
  region size 1024K, 43 young (44032K), 5 survivors (5120K)
 Metaspace       used 62189K, capacity 63867K, committed 64176K, reserved 1105920K
  class space    used 7690K, capacity 8339K, committed 8448K, reserved 1048576K
}
Event: 29.807 GC heap after
{Heap after GC invocations=26 (full 0):
 garbage-first heap   total 95232K, used 32135K [0x00000000c1a00000, 0x0000000100000000)
  region size 1024K, 6 young (6144K), 6 survivors (6144K)
 Metaspace       used 62189K, capacity 63867K, committed 64176K, reserved 1105920K
  class space    used 7690K, capacity 8339K, committed 8448K, reserved 1048576K
}
Event: 30.816 GC heap before
{Heap before GC invocations=26 (full 0):
 garbage-first heap   total 95232K, used 71047K [0x00000000c1a00000, 0x0000000100000000)
  region size 1024K, 44 young (45056K), 6 survivors (6144K)
 Metaspace       used 63589K, capacity 65231K, committed 65328K, reserved 1105920K
  class space    used 7870K, capacity 8513K, committed 8576K, reserved 1048576K
}
Event: 30.831 GC heap after
{Heap after GC invocations=27 (full 0):
 garbage-first heap   total 95232K, used 33963K [0x00000000c1a00000, 0x0000000100000000)
  region size 1024K, 5 young (5120K), 5 survivors (5120K)
 Metaspace       used 63589K, capacity 65231K, committed 65328K, reserved 1105920K
  class space    used 7870K, capacity 8513K, committed 8576K, reserved 1048576K
}
Event: 34.226 GC heap before
{Heap before GC invocations=27 (full 0):
 garbage-first heap   total 95232K, used 72875K [0x00000000c1a00000, 0x0000000100000000)
  region size 1024K, 43 young (44032K), 5 survivors (5120K)
 Metaspace       used 66251K, capacity 67971K, committed 68272K, reserved 1107968K
  class space    used 8177K, capacity 8845K, committed 8960K, reserved 1048576K
}
Event: 34.235 GC heap after
{Heap after GC invocations=28 (full 0):
 garbage-first heap   total 95232K, used 34086K [0x00000000c1a00000, 0x0000000100000000)
  region size 1024K, 3 young (3072K), 3 survivors (3072K)
 Metaspace       used 66251K, capacity 67971K, committed 68272K, reserved 1107968K
  class space    used 8177K, capacity 8845K, committed 8960K, reserved 1048576K
}

Deoptimization events (20 events):
Event: 33.503 Thread 0x000001e018dea800 Uncommon trap: trap_request=0xffffff4d fr.pc=0x000001e0292a5564 relative=0x0000000000000044
Event: 33.503 Thread 0x000001e018dea800 Uncommon trap: reason=unstable_if action=reinterpret pc=0x000001e0292a5564 method=java.lang.CharacterData.of(I)Ljava/lang/CharacterData; @ 4 c2
Event: 33.503 Thread 0x000001e018dea800 DEOPT PACKING pc=0x000001e0292a5564 sp=0x00000056e39fac60
Event: 33.503 Thread 0x000001e018dea800 DEOPT UNPACKING pc=0x000001e02181a1af sp=0x00000056e39fac00 mode 2
Event: 15254.278 Thread 0x000001e03d84b000 Uncommon trap: trap_request=0xffffff4d fr.pc=0x000001e029726b88 relative=0x0000000000000168
Event: 15254.287 Thread 0x000001e03d84b000 Uncommon trap: reason=unstable_if action=reinterpret pc=0x000001e029726b88 method=java.util.concurrent.locks.ReentrantLock$Sync.nonfairTryAcquire(I)Z @ 19 c2
Event: 15254.293 Thread 0x000001e03d84b000 DEOPT PACKING pc=0x000001e029726b88 sp=0x00000056e52fefd0
Event: 15254.305 Thread 0x000001e03d84b000 DEOPT UNPACKING pc=0x000001e02181a1af sp=0x00000056e52fef20 mode 2
Event: 20343.753 Thread 0x000001e03d84b000 Uncommon trap: trap_request=0xffffff4d fr.pc=0x000001e029726388 relative=0x0000000000000168
Event: 20343.753 Thread 0x000001e03d84b000 Uncommon trap: reason=unstable_if action=reinterpret pc=0x000001e029726388 method=java.util.concurrent.locks.ReentrantLock$Sync.nonfairTryAcquire(I)Z @ 19 c2
Event: 20343.753 Thread 0x000001e03d84b000 DEOPT PACKING pc=0x000001e029726388 sp=0x00000056e52fef90
Event: 20343.768 Thread 0x000001e03d84b000 DEOPT UNPACKING pc=0x000001e02181a1af sp=0x00000056e52fef38 mode 2
Event: 20902.719 Thread 0x000001e035e4a000 Uncommon trap: trap_request=0xffffff4d fr.pc=0x000001e02970445c relative=0x000000000000e37c
Event: 20902.725 Thread 0x000001e035e4a000 Uncommon trap: reason=unstable_if action=reinterpret pc=0x000001e02970445c method=org.eclipse.jdt.launching.internal.org.objectweb.asm.ClassReader.accept(Lorg/eclipse/jdt/launching/internal/org/objectweb/asm/ClassVisitor;[Lorg/eclipse/jdt/launching/intern
Event: 20902.726 Thread 0x000001e035e4a000 DEOPT PACKING pc=0x000001e02970445c sp=0x00000056e49fd9e0
Event: 20902.732 Thread 0x000001e035e4a000 DEOPT UNPACKING pc=0x000001e02181a1af sp=0x00000056e49fda08 mode 2
Event: 20902.807 Thread 0x000001e035e4a000 Uncommon trap: trap_request=0xffffff4d fr.pc=0x000001e0295fcd44 relative=0x0000000000006504
Event: 20902.810 Thread 0x000001e035e4a000 Uncommon trap: reason=unstable_if action=reinterpret pc=0x000001e0295fcd44 method=org.eclipse.jdt.launching.internal.org.objectweb.asm.ClassWriter.toByteArray()[B @ 614 c2
Event: 20902.810 Thread 0x000001e035e4a000 DEOPT PACKING pc=0x000001e0295fcd44 sp=0x00000056e49fdad0
Event: 20902.815 Thread 0x000001e035e4a000 DEOPT UNPACKING pc=0x000001e02181a1af sp=0x00000056e49fda98 mode 2

Classes redefined (17 events):
Event: 2047.908 Thread 0x000001e03519f800 redefined class name=br.com.barter.APIbarter.controllers.ProdutoRestControllerTest, count=1
Event: 3440.358 Thread 0x000001e03519f800 redefined class name=br.com.barter.APIbarter.controllers.ProdutoRestControllerTest, count=2
Event: 3653.395 Thread 0x000001e03519f800 redefined class name=br.com.barter.APIbarter.controllers.ProdutoRestControllerTest, count=3
Event: 5070.963 Thread 0x000001e03519f800 redefined class name=br.com.barter.APIbarter.service.impl.ProdutoServiceImpl, count=1
Event: 5167.922 Thread 0x000001e03519f800 redefined class name=br.com.barter.APIbarter.service.impl.ProdutoServiceImpl, count=2
Event: 5199.207 Thread 0x000001e03519f800 redefined class name=br.com.barter.APIbarter.service.impl.ProdutoServiceImpl, count=3
Event: 5295.609 Thread 0x000001e03519f800 redefined class name=br.com.barter.APIbarter.service.impl.ProdutoServiceImpl, count=4
Event: 5299.846 Thread 0x000001e03519f800 redefined class name=br.com.barter.APIbarter.service.impl.ProdutoServiceImpl, count=5
Event: 5308.435 Thread 0x000001e03519f800 redefined class name=br.com.barter.APIbarter.service.impl.ProdutoServiceImpl, count=6
Event: 5528.590 Thread 0x000001e03519f800 redefined class name=br.com.barter.APIbarter.service.impl.ProdutoServiceImpl, count=7
Event: 5554.792 Thread 0x000001e03519f800 redefined class name=br.com.barter.APIbarter.service.impl.ProdutoServiceImpl, count=8
Event: 5562.225 Thread 0x000001e03519f800 redefined class name=br.com.barter.APIbarter.controllers.ProdutoRestController, count=1
Event: 5957.654 Thread 0x000001e03519f800 redefined class name=br.com.barter.APIbarter.controllers.ProdutoRestController, count=2
Event: 13899.544 Thread 0x000001e03519f800 redefined class name=br.com.barter.APIbarter.commons.GenericServiceImpl, count=1
Event: 13899.607 Thread 0x000001e03519f800 redefined class name=br.com.barter.APIbarter.controllers.CategoriaRestController, count=1
Event: 20914.512 Thread 0x000001e03519f800 redefined class name=br.com.barter.APIbarter.controllers.ProdutoRestControllerTest, count=4
Event: 20953.891 Thread 0x000001e03519f800 redefined class name=br.com.barter.APIbarter.controllers.ProdutoRestControllerTest, count=5

Internal exceptions (20 events):
Event: 30.642 Thread 0x000001e018dea800 Exception <a 'java/lang/ClassNotFoundException'{0x00000000c56608b8}: org/springframework/web/multipart/MultipartResolverCustomizer> (0x00000000c56608b8) thrown at [./src/hotspot/share/classfile/systemDictionary.cpp, line 237]
Event: 30.645 Thread 0x000001e018dea800 Exception <a 'java/lang/ClassNotFoundException'{0x00000000c56729c0}: java/lang/ObjectCustomizer> (0x00000000c56729c0) thrown at [./src/hotspot/share/classfile/systemDictionary.cpp, line 237]
Event: 30.647 Thread 0x000001e018dea800 Exception <a 'java/lang/ClassNotFoundException'{0x00000000c56997a8}: org/springframework/boot/test/autoconfigure/web/servlet/MockMvcAutoConfigurationCustomizer> (0x00000000c56997a8) thrown at [./src/hotspot/share/classfile/systemDictionary.cpp, line 237]
Event: 30.652 Thread 0x000001e018dea800 Exception <a 'java/lang/ClassNotFoundException'{0x00000000c56c2f38}: java/lang/ObjectCustomizer> (0x00000000c56c2f38) thrown at [./src/hotspot/share/classfile/systemDictionary.cpp, line 237]
Event: 30.658 Thread 0x000001e018dea800 Exception <a 'java/lang/ClassNotFoundException'{0x00000000c56ec320}: org/springframework/boot/test/autoconfigure/web/servlet/SpringBootMockMvcBuilderCustomizerCustomizer> (0x00000000c56ec320) thrown at [./src/hotspot/share/classfile/systemDictionary.cpp, line 237]
Event: 30.661 Thread 0x000001e018dea800 Exception <a 'java/lang/ClassNotFoundException'{0x00000000c5518180}: org/springframework/boot/test/autoconfigure/web/servlet/MockMvcBuilderCustomizerCustomizer> (0x00000000c5518180) thrown at [./src/hotspot/share/classfile/systemDictionary.cpp, line 237]
Event: 30.705 Thread 0x000001e018dea800 Exception <a 'java/lang/ClassNotFoundException'{0x00000000c5459210}: java/lang/ObjectCustomizer> (0x00000000c5459210) thrown at [./src/hotspot/share/classfile/systemDictionary.cpp, line 237]
Event: 30.708 Thread 0x000001e018dea800 Exception <a 'java/lang/ClassNotFoundException'{0x00000000c547ae98}: org/springframework/test/web/servlet/MockMvcBuilderSupportCustomizer> (0x00000000c547ae98) thrown at [./src/hotspot/share/classfile/systemDictionary.cpp, line 237]
Event: 30.710 Thread 0x000001e018dea800 Exception <a 'java/lang/ClassNotFoundException'{0x00000000c549ca50}: org/springframework/test/web/servlet/setup/AbstractMockMvcBuilderCustomizer> (0x00000000c549ca50) thrown at [./src/hotspot/share/classfile/systemDictionary.cpp, line 237]
Event: 30.713 Thread 0x000001e018dea800 Exception <a 'java/lang/ClassNotFoundException'{0x00000000c54cd838}: org/springframework/test/web/servlet/setup/DefaultMockMvcBuilderCustomizer> (0x00000000c54cd838) thrown at [./src/hotspot/share/classfile/systemDictionary.cpp, line 237]
Event: 30.715 Thread 0x000001e018dea800 Exception <a 'java/lang/ClassNotFoundException'{0x00000000c54f2520}: org/springframework/test/web/servlet/setup/ConfigurableMockMvcBuilderCustomizer> (0x00000000c54f2520) thrown at [./src/hotspot/share/classfile/systemDictionary.cpp, line 237]
Event: 30.720 Thread 0x000001e018dea800 Exception <a 'java/lang/ClassNotFoundException'{0x00000000c5317790}: org/springframework/test/web/servlet/MockMvcBuilderCustomizer> (0x00000000c5317790) thrown at [./src/hotspot/share/classfile/systemDictionary.cpp, line 237]
Event: 30.740 Thread 0x000001e018dea800 Exception <a 'java/lang/ClassNotFoundException'{0x00000000c53b8320}: java/lang/ObjectCustomizer> (0x00000000c53b8320) thrown at [./src/hotspot/share/classfile/systemDictionary.cpp, line 237]
Event: 30.743 Thread 0x000001e018dea800 Exception <a 'java/lang/ClassNotFoundException'{0x00000000c53d6af8}: org/springframework/test/web/servlet/MockMvcCustomizer> (0x00000000c53d6af8) thrown at [./src/hotspot/share/classfile/systemDictionary.cpp, line 237]
Event: 30.785 Thread 0x000001e018dea800 Exception <a 'java/lang/NoSuchMethodError'{0x00000000c52aae10}: 'java.lang.Object java.lang.invoke.DirectMethodHandle$Holder.invokeSpecial(java.lang.Object, java.lang.Object, int, java.lang.Object, int, java.lang.Object)'> (0x00000000c52aae10) thrown at [./src/hotspot/share/interpreter/linkResolver.cpp, line 773]
Event: 30.786 Thread 0x000001e018dea800 Exception <a 'java/lang/NoSuchMethodError'{0x00000000c52b2af0}: 'java.lang.Object java.lang.invoke.DirectMethodHandle$Holder.invokeStatic(java.lang.Object, java.lang.Object, int, java.lang.Object, int)'> (0x00000000c52b2af0) thrown at [./src/hotspot/share/interpreter/linkResolver.cpp, line 773]
Event: 30.787 Thread 0x000001e018dea800 Exception <a 'java/lang/NoSuchMethodError'{0x00000000c52b6820}: 'java.lang.Object java.lang.invoke.DirectMethodHandle$Holder.invokeSpecial(java.lang.Object, java.lang.Object, java.lang.Object, int, java.lang.Object, int)'> (0x00000000c52b6820) thrown at [./src/hotspot/share/interpreter/linkResolver.cpp, line 773]
Event: 30.791 Thread 0x000001e018dea800 Exception <a 'java/lang/NoSuchMethodError'{0x00000000c52c8530}: 'void java.lang.invoke.DirectMethodHandle$Holder.invokeVirtual(java.lang.Object, java.lang.Object)'> (0x00000000c52c8530) thrown at [./src/hotspot/share/interpreter/linkResolver.cpp, line 773]
Event: 33.393 Thread 0x000001e018dea800 Exception <a 'java/lang/ClassNotFoundException'{0x00000000c5263988}: java/lang/ObjectCustomizer> (0x00000000c5263988) thrown at [./src/hotspot/share/classfile/systemDictionary.cpp, line 237]
Event: 33.403 Thread 0x000001e018dea800 Exception <a 'java/lang/ClassNotFoundException'{0x00000000c52857c0}: br/com/barter/APIbarter/controllers/ProdutoRestControllerTestCustomizer> (0x00000000c52857c0) thrown at [./src/hotspot/share/classfile/systemDictionary.cpp, line 237]

Events (20 events):
Event: 21890.047 Executing VM operation: GetOwnedMonitorInfo done
Event: 21890.057 Executing VM operation: GetCurrentContendedMonitor
Event: 21890.057 Executing VM operation: GetCurrentContendedMonitor done
Event: 21933.736 Executing VM operation: GetFrameCount
Event: 21933.736 Executing VM operation: GetFrameCount done
Event: 21933.737 Executing VM operation: GetOwnedMonitorInfo
Event: 21933.737 Executing VM operation: GetOwnedMonitorInfo done
Event: 21933.737 Executing VM operation: GetCurrentContendedMonitor
Event: 21933.737 Executing VM operation: GetCurrentContendedMonitor done
Event: 21952.634 Executing VM operation: ChangeBreakpoints
Event: 21952.927 Executing VM operation: ChangeBreakpoints done
Event: 21953.206 Executing VM operation: ChangeBreakpoints
Event: 21953.206 Executing VM operation: ChangeBreakpoints done
Event: 21953.793 Executing VM operation: ChangeBreakpoints
Event: 21953.795 Executing VM operation: ChangeBreakpoints done
Event: 21955.951 Executing VM operation: ChangeBreakpoints
Event: 21955.953 Executing VM operation: ChangeBreakpoints done
Event: 21965.348 Executing VM operation: GetFrameLocation
Event: 21965.348 Executing VM operation: GetFrameLocation done
Event: 21965.348 Executing VM operation: GetOrSetLocal


Dynamic libraries:
0x00007ff625880000 - 0x00007ff62588d000 	C:\Program Files\Java\zulu11.50.19-ca-jdk11.0.12-win_x64\bin\javaw.exe
0x00007ffd9f4f0000 - 0x00007ffd9f6e5000 	C:\Windows\SYSTEM32\ntdll.dll
0x00007ffd9e540000 - 0x00007ffd9e5fe000 	C:\Windows\System32\KERNEL32.DLL
0x00007ffd9ce50000 - 0x00007ffd9d118000 	C:\Windows\System32\KERNELBASE.dll
0x00007ffd9d1c0000 - 0x00007ffd9d2c0000 	C:\Windows\System32\ucrtbase.dll
0x00007ffd91400000 - 0x00007ffd91417000 	C:\Program Files\Java\zulu11.50.19-ca-jdk11.0.12-win_x64\bin\jli.dll
0x00007ffd91210000 - 0x00007ffd91225000 	C:\Program Files\Java\zulu11.50.19-ca-jdk11.0.12-win_x64\bin\VCRUNTIME140.dll
0x00007ffd9e720000 - 0x00007ffd9e8c1000 	C:\Windows\System32\USER32.dll
0x00007ffd8d940000 - 0x00007ffd8dbda000 	C:\Windows\WinSxS\amd64_microsoft.windows.common-controls_6595b64144ccf1df_6.0.19041.1110_none_60b5254171f9507e\COMCTL32.dll
0x00007ffd9cd70000 - 0x00007ffd9cd92000 	C:\Windows\System32\win32u.dll
0x00007ffd9ef90000 - 0x00007ffd9f02e000 	C:\Windows\System32\msvcrt.dll
0x00007ffd9eeb0000 - 0x00007ffd9eedb000 	C:\Windows\System32\GDI32.dll
0x00007ffd9d350000 - 0x00007ffd9d45b000 	C:\Windows\System32\gdi32full.dll
0x00007ffd9d120000 - 0x00007ffd9d1bd000 	C:\Windows\System32\msvcp_win.dll
0x00007ffd9e990000 - 0x00007ffd9e9c0000 	C:\Windows\System32\IMM32.DLL
0x00007ffd89b10000 - 0x00007ffd89bab000 	C:\Program Files\Java\zulu11.50.19-ca-jdk11.0.12-win_x64\bin\msvcp140.dll
0x00007ffd39570000 - 0x00007ffd3a0d4000 	C:\Program Files\Java\zulu11.50.19-ca-jdk11.0.12-win_x64\bin\server\jvm.dll
0x00007ffd9ed70000 - 0x00007ffd9ee1c000 	C:\Windows\System32\ADVAPI32.dll
0x00007ffd9eee0000 - 0x00007ffd9ef7b000 	C:\Windows\System32\sechost.dll
0x00007ffd9e1c0000 - 0x00007ffd9e2ea000 	C:\Windows\System32\RPCRT4.dll
0x00007ffd9dd40000 - 0x00007ffd9dd48000 	C:\Windows\System32\PSAPI.DLL
0x00007ffd95390000 - 0x00007ffd953b7000 	C:\Windows\SYSTEM32\WINMM.dll
0x00007ffd96cf0000 - 0x00007ffd96cf9000 	C:\Windows\SYSTEM32\WSOCK32.dll
0x00007ffd9e9c0000 - 0x00007ffd9ea2b000 	C:\Windows\System32\WS2_32.dll
0x00007ffd97160000 - 0x00007ffd9716a000 	C:\Windows\SYSTEM32\VERSION.dll
0x00007ffd9aa30000 - 0x00007ffd9aa42000 	C:\Windows\SYSTEM32\kernel.appcore.dll
0x00007ffd96990000 - 0x00007ffd969a0000 	C:\Program Files\Java\zulu11.50.19-ca-jdk11.0.12-win_x64\bin\verify.dll
0x00007ffd95e80000 - 0x00007ffd96064000 	C:\Windows\SYSTEM32\DBGHELP.DLL
0x00007ffd95ab0000 - 0x00007ffd95adc000 	C:\Windows\SYSTEM32\dbgcore.DLL
0x00007ffd9d2c0000 - 0x00007ffd9d343000 	C:\Windows\System32\bcryptPrimitives.dll
0x00007ffd911e0000 - 0x00007ffd91208000 	C:\Program Files\Java\zulu11.50.19-ca-jdk11.0.12-win_x64\bin\java.dll
0x00007ffd956a0000 - 0x00007ffd956aa000 	C:\Program Files\Java\zulu11.50.19-ca-jdk11.0.12-win_x64\bin\jimage.dll
0x00007ffd899f0000 - 0x00007ffd89a28000 	C:\Program Files\Java\zulu11.50.19-ca-jdk11.0.12-win_x64\bin\jdwp.dll
0x00007ffd91490000 - 0x00007ffd9149e000 	C:\Program Files\Java\zulu11.50.19-ca-jdk11.0.12-win_x64\bin\instrument.dll
0x00007ffd8dfb0000 - 0x00007ffd8dfc7000 	C:\Program Files\Java\zulu11.50.19-ca-jdk11.0.12-win_x64\bin\zip.dll
0x00007ffd9d540000 - 0x00007ffd9dc7f000 	C:\Windows\System32\SHELL32.dll
0x00007ffd9ad10000 - 0x00007ffd9b4a0000 	C:\Windows\SYSTEM32\windows.storage.dll
0x00007ffd9dd50000 - 0x00007ffd9e0a5000 	C:\Windows\System32\combase.dll
0x00007ffd9c590000 - 0x00007ffd9c5be000 	C:\Windows\SYSTEM32\Wldp.dll
0x00007ffd9e110000 - 0x00007ffd9e1bd000 	C:\Windows\System32\SHCORE.dll
0x00007ffd9ec40000 - 0x00007ffd9ec95000 	C:\Windows\System32\shlwapi.dll
0x00007ffd9cb50000 - 0x00007ffd9cb6f000 	C:\Windows\SYSTEM32\profapi.dll
0x00007ffd8f4f0000 - 0x00007ffd8f4fa000 	C:\Program Files\Java\zulu11.50.19-ca-jdk11.0.12-win_x64\bin\dt_socket.dll
0x00007ffd9c2f0000 - 0x00007ffd9c35a000 	C:\Windows\System32\mswsock.dll
0x00007ffd9c020000 - 0x00007ffd9c0eb000 	C:\Windows\SYSTEM32\DNSAPI.dll
0x00007ffd9bfe0000 - 0x00007ffd9c01b000 	C:\Windows\SYSTEM32\IPHLPAPI.DLL
0x00007ffd9ef80000 - 0x00007ffd9ef88000 	C:\Windows\System32\NSI.dll
0x00007ffd92d20000 - 0x00007ffd92d9f000 	C:\Windows\System32\fwpuclnt.dll
0x00007ffd9d510000 - 0x00007ffd9d537000 	C:\Windows\System32\bcrypt.dll
0x00007ffd92c70000 - 0x00007ffd92c7a000 	C:\Windows\System32\rasadhlp.dll
0x00007ffd899d0000 - 0x00007ffd899e9000 	C:\Program Files\Java\zulu11.50.19-ca-jdk11.0.12-win_x64\bin\net.dll
0x00007ffd92f00000 - 0x00007ffd9300c000 	C:\Windows\SYSTEM32\WINHTTP.dll
0x00007ffd89600000 - 0x00007ffd89612000 	C:\Program Files\Java\zulu11.50.19-ca-jdk11.0.12-win_x64\bin\nio.dll
0x00007ffd89b00000 - 0x00007ffd89b09000 	C:\Program Files\Java\zulu11.50.19-ca-jdk11.0.12-win_x64\bin\management.dll
0x00007ffd873b0000 - 0x00007ffd873bb000 	C:\Program Files\Java\zulu11.50.19-ca-jdk11.0.12-win_x64\bin\management_ext.dll
0x00007ffd84d60000 - 0x00007ffd84d77000 	C:\Windows\system32\napinsp.dll
0x00007ffd84ce0000 - 0x00007ffd84cfb000 	C:\Windows\system32\pnrpnsp.dll
0x00007ffd97290000 - 0x00007ffd972a5000 	C:\Windows\system32\wshbth.dll
0x00007ffd96c20000 - 0x00007ffd96c3d000 	C:\Windows\system32\NLAapi.dll
0x00007ffd84d40000 - 0x00007ffd84d52000 	C:\Windows\System32\winrnr.dll
0x00007ffd9c4e0000 - 0x00007ffd9c4f8000 	C:\Windows\SYSTEM32\CRYPTSP.dll
0x00007ffd9bc70000 - 0x00007ffd9bca4000 	C:\Windows\system32\rsaenh.dll
0x00007ffd9cb10000 - 0x00007ffd9cb3e000 	C:\Windows\SYSTEM32\USERENV.dll
0x00007ffd9c500000 - 0x00007ffd9c50c000 	C:\Windows\SYSTEM32\CRYPTBASE.dll
0x00007ffd95270000 - 0x00007ffd95287000 	C:\Windows\SYSTEM32\dhcpcsvc6.DLL
0x00007ffd96070000 - 0x00007ffd9608d000 	C:\Windows\SYSTEM32\dhcpcsvc.DLL
0x00007ffd40850000 - 0x00007ffd40a95000 	C:\Users\cibor\AppData\Local\Temp\io_grpc_netty_shaded_netty_tcnative_windows_x86_6411312659351399392219.dll
0x00007ffd7cf60000 - 0x00007ffd7cf85000 	C:\Program Files\Java\zulu11.50.19-ca-jdk11.0.12-win_x64\bin\sunec.dll

dbghelp: loaded successfully - version: 4.0.5 - missing functions: none
symbol engine: initialized successfully - sym options: 0x614 - pdb path: .;C:\Program Files\Java\zulu11.50.19-ca-jdk11.0.12-win_x64\bin;C:\Windows\SYSTEM32;C:\Windows\WinSxS\amd64_microsoft.windows.common-controls_6595b64144ccf1df_6.0.19041.1110_none_60b5254171f9507e;C:\Program Files\Java\zulu11.50.19-ca-jdk11.0.12-win_x64\bin\server;C:\Users\cibor\AppData\Local\Temp

VM Arguments:
jvm_args: -agentlib:jdwp=transport=dt_socket,suspend=y,address=localhost:60701 -ea -javaagent:C:\Users\cibor\eclipse\java-2021-094\eclipse\configuration\org.eclipse.osgi\222\0\.cp\lib\javaagent-shaded.jar -Dfile.encoding=UTF-8 
java_command: org.eclipse.jdt.internal.junit.runner.RemoteTestRunner -version 3 -port 60700 -testLoaderClass org.eclipse.jdt.internal.junit5.runner.JUnit5TestLoader -loaderpluginname org.eclipse.jdt.junit5.runtime -classNames br.com.barter.APIbarter.controllers.ProdutoRestControllerTest
java_class_path (initial): C:\Users\cibor\API-barter\target\test-classes;C:\Users\cibor\API-barter\target\classes;C:\Users\cibor\.p2\pool\plugins\org.junit_4.13.0.v20200204-1500.jar;C:\Users\cibor\.p2\pool\plugins\org.hamcrest.core_1.3.0.v20180420-1519.jar;C:\Users\cibor\.m2\repository\org\springframework\boot\spring-boot-starter-web\2.6.0\spring-boot-starter-web-2.6.0.jar;C:\Users\cibor\.m2\repository\org\springframework\boot\spring-boot-starter\2.6.0\spring-boot-starter-2.6.0.jar;C:\Users\cibor\.m2\repository\org\springframework\boot\spring-boot-starter-logging\2.6.0\spring-boot-starter-logging-2.6.0.jar;C:\Users\cibor\.m2\repository\ch\qos\logback\logback-classic\1.2.7\logback-classic-1.2.7.jar;C:\Users\cibor\.m2\repository\ch\qos\logback\logback-core\1.2.7\logback-core-1.2.7.jar;C:\Users\cibor\.m2\repository\org\apache\logging\log4j\log4j-to-slf4j\2.14.1\log4j-to-slf4j-2.14.1.jar;C:\Users\cibor\.m2\repository\org\apache\logging\log4j\log4j-api\2.14.1\log4j-api-2.14.1.jar;C:\Users\cibor\.m2\repository\org\slf4j\jul-to-slf4j\1.7.32\jul-to-slf4j-1.7.32.jar;C:\Users\cibor\.m2\repository\jakarta\annotation\jakarta.annotation-api\1.3.5\jakarta.annotation-api-1.3.5.jar;C:\Users\cibor\.m2\repository\org\yaml\snakeyaml\1.29\snakeyaml-1.29.jar;C:\Users\cibor\.m2\repository\org\springframework\boot\spring-boot-starter-json\2.6.0\spring-boot-starter-json-2.6.0.jar;C:\Users\cibor\.m2\repository\com\fasterxml\jackson\core\jackson-databind\2.13.0\jackson-databind-2.13.0.jar;C:\Users\cibor\.m2\repository\com\fasterxml\jackson\core\jackson-core\2.13.0\jackson-core-2.13.0.jar;C:\Users\cibor\.m2\repository\com\fasterxml\jackson\datatype\jackson-datatype-jdk8\2.13.0\jackson-datatype-jdk8-2.13.0.jar;C:\Users\cibor\.m2\repository\com\fasterxml\jackson\datatype\jackson-datatype-jsr310\2.13.0\jackson-datatype-jsr310-2.13.0.jar;C:\Users\cibor\.m2\repository\com\fasterxml\jackson\module\jackson-module-parameter-names\2.13.0\jackson-module-parameter-names-2.13.0.jar;C:\Users\cibor\.m2\r
Launcher Type: SUN_STANDARD

[Global flags]
     intx CICompilerCount                          = 3                                         {product} {ergonomic}
     uint ConcGCThreads                            = 1                                         {product} {ergonomic}
     uint G1ConcRefinementThreads                  = 4                                         {product} {ergonomic}
   size_t G1HeapRegionSize                         = 1048576                                   {product} {ergonomic}
    uintx GCDrainStackTargetSize                   = 64                                        {product} {ergonomic}
   size_t InitialHeapSize                          = 67108864                                  {product} {ergonomic}
   size_t MarkStackSize                            = 4194304                                   {product} {ergonomic}
   size_t MaxHeapSize                              = 1046478848                                {product} {ergonomic}
   size_t MaxNewSize                               = 627048448                                 {product} {ergonomic}
   size_t MinHeapDeltaBytes                        = 1048576                                   {product} {ergonomic}
    uintx NonNMethodCodeHeapSize                   = 5830732                                {pd product} {ergonomic}
    uintx NonProfiledCodeHeapSize                  = 122913754                              {pd product} {ergonomic}
    uintx ProfiledCodeHeapSize                     = 122913754                              {pd product} {ergonomic}
    uintx ReservedCodeCacheSize                    = 251658240                              {pd product} {ergonomic}
     bool SegmentedCodeCache                       = true                                      {product} {ergonomic}
     bool UseCompressedClassPointers               = true                                 {lp64_product} {ergonomic}
     bool UseCompressedOops                        = true                                 {lp64_product} {ergonomic}
     bool UseG1GC                                  = true                                      {product} {ergonomic}
     bool UseLargePagesIndividualAllocation        = false                                  {pd product} {ergonomic}

Logging:
Log output configuration:
 #0: stdout all=warning uptime,level,tags
 #1: stderr all=off uptime,level,tags

Environment Variables:
JAVA_HOME=C:\Program Files\Java\zulu11.50.19-ca-jdk11.0.12-win_x64
PATH=C:/Program Files/Java/jdk-16.0.2/bin/server;C:/Program Files/Java/jdk-16.0.2/bin;C:\Program Files\Common Files\Oracle\Java\javapath;C:\Program Files (x86)\Common Files\Oracle\Java\javapath;C:\Program Files\Java\zulu11.50.19-ca-jdk11.0.12-win_x64\bin;C:\Windows\system32;C:\Windows;C:\Windows\System32\Wbem;C:\Windows\System32\WindowsPowerShell\v1.0\;C:\Windows\System32\OpenSSH\;C:\ProgramData\chocolatey\bin;C:\Program Files\nodejs\;C:\Program Files\PowerShell\7\;C:\Program Files (x86)\Yarn\bin\;C:\Program Files\Git\cmd;C:\Program Files\MySQL\MySQL Shell 8.0\bin\;C:\Users\cibor\AppData\Local\Microsoft\WindowsApps;C:\Users\cibor\AppData\Roaming\npm;C:\Users\cibor\AppData\Local\Yarn\bin;C:\Users\cibor\AppData\Local\Programs\Microsoft VS Code\bin;C:\Users\cibor\AppData\Local\GitHubDesktop\bin;C:\Users\cibor\OneDrive\rea de Trabalho;
USERNAME=cibor
OS=Windows_NT
PROCESSOR_IDENTIFIER=Intel64 Family 6 Model 78 Stepping 3, GenuineIntel



---------------  S Y S T E M  ---------------

OS: Windows 10 , 64 bit Build 19041 (10.0.19041.1348)
OS uptime: 21 days 21:57 hours

CPU:total 4 (initial active 4) (2 cores per cpu, 2 threads per core) family 6 model 78 stepping 3 microcode 0xcc, cmov, cx8, fxsr, mmx, sse, sse2, sse3, ssse3, sse4.1, sse4.2, popcnt, avx, avx2, aes, clmul, erms, 3dnowpref, lzcnt, ht, tsc, tscinvbit, bmi1, bmi2, adx, fma

Memory: 4k page, system-wide physical 3986M (620M free)
TotalPageFile size 14734M (AvailPageFile size 3013M)
current process WorkingSet (physical memory assigned to process): 61M, peak: 331M
current process commit charge ("private bytes"): 298M, peak: 367M

vm_info: OpenJDK 64-Bit Server VM (11.0.12+7-LTS) for windows-amd64 JRE (Zulu11.50+19-CA) (11.0.12+7-LTS), built on Jul 12 2021 10:57:42 by "zulu_re" with MS VC++ 15.9 (VS2017)

END.
