#
# A fatal error has been detected by the Java Runtime Environment:
#
#  EXCEPTION_ACCESS_VIOLATION (0xc0000005) at pc=0x00007ffd39c4947b, pid=5400, tid=15972
#
# JRE version: OpenJDK Runtime Environment Zulu11.50+19-CA (11.0.12+7) (build 11.0.12+7-LTS)
# Java VM: OpenJDK 64-Bit Server VM Zulu11.50+19-CA (11.0.12+7-LTS, mixed mode, tiered, compressed oops, g1 gc, windows-amd64)
# Problematic frame:
# V  [jvm.dll+0x6d947b]
#
# No core dump will be written. Minidumps are not enabled by default on client versions of Windows
#
# If you would like to submit a bug report, please visit:
#   http://www.azul.com/support/
#

---------------  S U M M A R Y ------------

Command Line: -agentlib:jdwp=transport=dt_socket,suspend=y,address=localhost:60782 -ea -javaagent:C:\Users\cibor\eclipse\java-2021-094\eclipse\configuration\org.eclipse.osgi\222\0\.cp\lib\javaagent-shaded.jar -Dfile.encoding=UTF-8 org.eclipse.jdt.internal.junit.runner.RemoteTestRunner -version 3 -port 60781 -testLoaderClass org.eclipse.jdt.internal.junit5.runner.JUnit5TestLoader -loaderpluginname org.eclipse.jdt.junit5.runtime -classNames br.com.barter.APIbarter.controllers.ProdutoRestControllerTest

Host: Intel(R) Core(TM) i3-6006U CPU @ 2.00GHz, 4 cores, 3G,  Windows 10 , 64 bit Build 19041 (10.0.19041.1348)
Time: Sat Dec  4 11:02:55 2021 Hora oficial do Brasil elapsed time: 2829.310243 seconds (0d 0h 47m 9s)

---------------  T H R E A D  ---------------

Current thread (0x000001e6653de000):  VMThread "VM Thread" [stack: 0x0000007499f00000,0x000000749a000000] [id=15972]

Stack: [0x0000007499f00000,0x000000749a000000],  sp=0x0000007499ffe810,  free space=1018k
Native frames: (J=compiled Java code, j=interpreted, Vv=VM code, C=native code)
V  [jvm.dll+0x6d947b]
V  [jvm.dll+0x32e243]
V  [jvm.dll+0x32ff9d]
V  [jvm.dll+0x33082e]
V  [jvm.dll+0x32e09c]
V  [jvm.dll+0x32d2d2]
V  [jvm.dll+0x5f7415]
V  [jvm.dll+0x5f719d]
V  [jvm.dll+0x5bc833]
V  [jvm.dll+0x4ca771]
V  [jvm.dll+0x79542c]
V  [jvm.dll+0x799567]
V  [jvm.dll+0x799dc9]
V  [jvm.dll+0x79a157]
V  [jvm.dll+0x74ef44]
V  [jvm.dll+0x607296]
C  [ucrtbase.dll+0x21bb2]
C  [KERNEL32.DLL+0x17034]
C  [ntdll.dll+0x52651]


siginfo: EXCEPTION_ACCESS_VIOLATION (0xc0000005), reading address 0x0000000000000006


Register to memory mapping:

RIP=0x00007ffd39c4947b jvm.dll
RAX=0x0000007499ffe8a0 points into unknown readable memory: 0x000000002fffffff | ff ff ff 2f 00 00 00 00
RBX=0x0000007499ffe870 points into unknown readable memory: 0x00007ffd39e109c8 | c8 09 e1 39 fd 7f 00 00
RCX=0x0 is NULL
RDX=0x0 is NULL
RSP=0x0000007499ffe810 points into unknown readable memory: 0x0000007499ffe870 | 70 e8 ff 99 74 00 00 00
RBP=0x0000007499ffedc0 points into unknown readable memory: 0x000001e6653a4298 | 98 42 3a 65 e6 01 00 00
RSI=0x0 is NULL
RDI=0x0 is NULL
R8 =0x0 is NULL
R9 =0x000001e667e1caa8 is pointing into metadata
R10=0x00007ffd39570000 jvm.dll
R11=0x0000007499ffecd0 points into unknown readable memory: 0x0000007499ffed90 | 90 ed ff 99 74 00 00 00
R12=0x000001e6653a3f70 points into unknown readable memory: 0x0000000039e4d400 | 00 d4 e4 39 00 00 00 00
R13=0x0 is NULL
R14=0x000001e667e1d039 is pointing into metadata
R15=0x000000000000004d is an unknown value


Registers:
RAX=0x0000007499ffe8a0, RBX=0x0000007499ffe870, RCX=0x0000000000000000, RDX=0x0000000000000000
RSP=0x0000007499ffe810, RBP=0x0000007499ffedc0, RSI=0x0000000000000000, RDI=0x0000000000000000
R8 =0x0000000000000000, R9 =0x000001e667e1caa8, R10=0x00007ffd39570000, R11=0x0000007499ffecd0
R12=0x000001e6653a3f70, R13=0x0000000000000000, R14=0x000001e667e1d039, R15=0x000000000000004d
RIP=0x00007ffd39c4947b, EFLAGS=0x0000000000010246

Top of Stack: (sp=0x0000007499ffe810)
0x0000007499ffe810:   0000007499ffe870 000001e646dc5720
0x0000007499ffe820:   0000007499ffeb29 00007ffd39c499fb
0x0000007499ffe830:   0000000000000000 00007ffd3989e243
0x0000007499ffe840:   0000000000000000 0000007499ffef30
0x0000007499ffe850:   0000000000000009 000001e66816839d
0x0000007499ffe860:   00007ffd39570000 ffffffffffffffff
0x0000007499ffe870:   00007ffd39e109c8 0000000000000000
0x0000007499ffe880:   0000000000000000 00007ffd00000004
0x0000007499ffe890:   0000007499ffe8a0 0000007400000000
0x0000007499ffe8a0:   000000002fffffff 000001e6653a3fa8
0x0000007499ffe8b0:   4fffffff4fffffff 4fffffff4fffffff
0x0000007499ffe8c0:   00007ffd39e109c8 000001e667101410
0x0000007499ffe8d0:   0000000000000049 000000740000000e
0x0000007499ffe8e0:   0000007499ffe900 00007ffd9d1d2437
0x0000007499ffe8f0:   0000000000000000 00007ffd39c499fb
0x0000007499ffe900:   4fffffff4fffffff 4fffffff4fffffff 

Instructions: (pc=0x00007ffd39c4947b)
0x00007ffd39c4937b:   48 8b cb ff 50 30 ff 43 14 48 c1 ef 04 eb 86 48
0x00007ffd39c4938b:   8b 03 45 33 c0 33 d2 48 8b cb ff 50 48 ff 43 14
0x00007ffd39c4939b:   48 c1 ef 04 e9 6c ff ff ff 48 8b 03 48 8b cb ff
0x00007ffd39c493ab:   50 38 83 43 14 02 48 c1 ef 04 e9 56 ff ff ff 48
0x00007ffd39c493bb:   8b 03 48 8b cb ff 50 10 ff 43 14 48 c1 ef 04 e9
0x00007ffd39c493cb:   41 ff ff ff 48 8b 03 48 8b cb ff 50 18 83 43 14
0x00007ffd39c493db:   02 48 c1 ef 04 e9 2b ff ff ff 48 8b 0d fc bb 3c
0x00007ffd39c493eb:   00 48 8d 15 dd 0c 22 00 e8 b8 11 f3 ff 48 8b 0d
0x00007ffd39c493fb:   e9 bb 3c 00 48 8d 15 e2 0c 22 00 4c 8b c6 e8 a2
0x00007ffd39c4940b:   11 f3 ff ba cb 00 00 00 48 8d 0d 66 0c 22 00 e8
0x00007ffd39c4941b:   21 61 b7 ff e8 2c 72 f2 ff 48 c1 ef 04 e9 e3 fe
0x00007ffd39c4942b:   ff ff 0f 1f 00 31 93 6d 00 42 93 6d 00 54 93 6d
0x00007ffd39c4943b:   00 66 93 6d 00 78 93 6d 00 a4 93 6d 00 ba 93 6d
0x00007ffd39c4944b:   00 cf 93 6d 00 8a 93 6d 00 e8 92 6d 00 cc cc cc
0x00007ffd39c4945b:   cc cc cc cc cc 40 53 48 83 ec 20 c7 41 10 00 00
0x00007ffd39c4946b:   00 00 48 8b d9 48 89 7c 24 38 48 8b 79 08 33 c9
0x00007ffd39c4947b:   80 7f 06 28 74 26 44 8d 49 28 8d 51 35 48 8d 0d
0x00007ffd39c4948b:   f1 0b 22 00 4c 8d 05 da 0b 22 00 e8 25 5f b7 ff
0x00007ffd39c4949b:   e8 b0 71 f2 ff 8b 4b 10 48 8b 7b 08 8d 41 01 48
0x00007ffd39c494ab:   63 c9 89 43 10 80 7c 39 07 29 0f 84 f3 00 00 00
0x00007ffd39c494bb:   48 89 74 24 30 44 8b c0 48 8d 35 36 6b 92 ff 66
0x00007ffd39c494cb:   0f 1f 44 00 00 4d 63 c8 41 0f be 4c 39 06 83 c1
0x00007ffd39c494db:   be 83 f9 19 0f 87 96 00 00 00 48 63 c9 0f b6 8c
0x00007ffd39c494eb:   0e 5c 96 6d 00 8b 94 8e 4c 96 6d 00 48 03 d6 ff
0x00007ffd39c494fb:   e2 41 8d 40 01 89 43 10 e9 8c 00 00 00 0f 1f 84
0x00007ffd39c4950b:   00 00 00 00 00 48 63 c8 ff c0 89 43 10 44 8b c0
0x00007ffd39c4951b:   80 7c 39 06 3b 75 ee eb 73 41 8d 40 01 89 43 10
0x00007ffd39c4952b:   41 80 7c 39 07 5b 75 1c 0f 1f 40 00 66 0f 1f 84
0x00007ffd39c4953b:   00 00 00 00 00 48 63 c8 ff c0 89 43 10 80 7c 39
0x00007ffd39c4954b:   07 5b 74 f1 48 63 c8 80 7c 39 06 4c 75 1b 0f 1f
0x00007ffd39c4955b:   80 00 00 00 00 48 63 c8 ff c0 89 43 10 44 8b c0
0x00007ffd39c4956b:   80 7c 39 06 3b 75 ee eb 23 ff c0 89 43 10 eb 19 


Stack slot to memory mapping:
stack at sp + 0 slots: 0x0000007499ffe870 points into unknown readable memory: 0x00007ffd39e109c8 | c8 09 e1 39 fd 7f 00 00
stack at sp + 1 slots: 0x000001e646dc5720 points into unknown readable memory: 0x0000000000000000 | 00 00 00 00 00 00 00 00
stack at sp + 2 slots: 0x0000007499ffeb29 points into unknown readable memory: 00 80 00 00 00 00 00
stack at sp + 3 slots: 0x00007ffd39c499fb jvm.dll
stack at sp + 4 slots: 0x0 is NULL
stack at sp + 5 slots: 0x00007ffd3989e243 jvm.dll
stack at sp + 6 slots: 0x0 is NULL
stack at sp + 7 slots: 0x0000007499ffef30 points into unknown readable memory: 0x00007ffd39e4faf8 | f8 fa e4 39 fd 7f 00 00

VM_Operation (0x000000749a9ff510): GetOrSetLocal, mode: safepoint, requested by thread 0x000001e6660ac800


---------------  P R O C E S S  ---------------

Threads class SMR info:
_java_thread_list=0x000001e66dd54570, length=18, elements={
0x000001e649029000, 0x000001e665414000, 0x000001e665415000, 0x000001e665460800,
0x000001e665461000, 0x000001e665464000, 0x000001e665474800, 0x000001e665db0800,
0x000001e66547a000, 0x000001e6490e2000, 0x000001e6660ac800, 0x000001e666109800,
0x000001e666083000, 0x000001e6668fd800, 0x000001e669693000, 0x000001e66bebd800,
0x000001e66cacc800, 0x000001e670c87800
}

Java Threads: ( => current thread )
  0x000001e649029000 JavaThread "main" [_thread_blocked, id=5392, stack(0x0000007499900000,0x0000007499a00000)]
  0x000001e665414000 JavaThread "Reference Handler" daemon [_thread_blocked, id=7796, stack(0x000000749a000000,0x000000749a100000)]
  0x000001e665415000 JavaThread "Finalizer" daemon [_thread_blocked, id=20084, stack(0x000000749a100000,0x000000749a200000)]
  0x000001e665460800 JavaThread "Signal Dispatcher" daemon [_thread_blocked, id=13432, stack(0x000000749a200000,0x000000749a300000)]
  0x000001e665461000 JavaThread "Attach Listener" daemon [_thread_blocked, id=292, stack(0x000000749a300000,0x000000749a400000)]
  0x000001e665464000 JavaThread "Service Thread" daemon [_thread_blocked, id=3440, stack(0x000000749a400000,0x000000749a500000)]
  0x000001e665474800 JavaThread "C2 CompilerThread0" daemon [_thread_blocked, id=15064, stack(0x000000749a500000,0x000000749a600000)]
  0x000001e665db0800 JavaThread "C1 CompilerThread0" daemon [_thread_blocked, id=15600, stack(0x000000749a600000,0x000000749a700000)]
  0x000001e66547a000 JavaThread "Sweeper thread" daemon [_thread_blocked, id=18924, stack(0x000000749a700000,0x000000749a800000)]
  0x000001e6490e2000 JavaThread "Common-Cleaner" daemon [_thread_blocked, id=2248, stack(0x000000749a800000,0x000000749a900000)]
  0x000001e6660ac800 JavaThread "JDWP Transport Listener: dt_socket" daemon [_thread_blocked, id=18444, stack(0x000000749a900000,0x000000749aa00000)] _threads_hazard_ptr=0x000001e66dd54570
  0x000001e666109800 JavaThread "JDWP Event Helper Thread" daemon [_thread_blocked, id=9228, stack(0x000000749aa00000,0x000000749ab00000)]
  0x000001e666083000 JavaThread "JDWP Command Reader" daemon [_thread_in_native, id=20304, stack(0x000000749ab00000,0x000000749ac00000)]
  0x000001e6668fd800 JavaThread "ReaderThread" [_thread_in_native, id=9976, stack(0x000000749af00000,0x000000749b000000)]
  0x000001e669693000 JavaThread "Gax-1" daemon [_thread_blocked, id=8868, stack(0x000000749b100000,0x000000749b200000)]
  0x000001e66bebd800 JavaThread "Gax-2" daemon [_thread_blocked, id=9704, stack(0x000000749b400000,0x000000749b500000)]
  0x000001e66cacc800 JavaThread "Gax-3" daemon [_thread_blocked, id=7712, stack(0x000000749b500000,0x000000749b600000)]
  0x000001e670c87800 JavaThread "Gax-4" daemon [_thread_blocked, id=15364, stack(0x000000749b600000,0x000000749b700000)]

Other Threads:
=>0x000001e6653de000 VMThread "VM Thread" [stack: 0x0000007499f00000,0x000000749a000000] [id=15972]
  0x000001e666424000 WatcherThread [stack: 0x000000749ad00000,0x000000749ae00000] [id=3556]
  0x000001e649041800 GCTaskThread "GC Thread#0" [stack: 0x0000007499a00000,0x0000007499b00000] [id=7104]
  0x000001e666e6c000 GCTaskThread "GC Thread#1" [stack: 0x000000749ae00000,0x000000749af00000] [id=18196]
  0x000001e666e6f000 GCTaskThread "GC Thread#2" [stack: 0x000000749ac00000,0x000000749ad00000] [id=8896]
  0x000001e666e6c800 GCTaskThread "GC Thread#3" [stack: 0x000000749b000000,0x000000749b100000] [id=10716]
  0x000001e64905c800 ConcurrentGCThread "G1 Main Marker" [stack: 0x0000007499b00000,0x0000007499c00000] [id=5984]
  0x000001e649061800 ConcurrentGCThread "G1 Conc#0" [stack: 0x0000007499c00000,0x0000007499d00000] [id=16064]
  0x000001e6490b8000 ConcurrentGCThread "G1 Refine#0" [stack: 0x0000007499d00000,0x0000007499e00000] [id=6496]
  0x000001e6490b9000 ConcurrentGCThread "G1 Young RemSet Sampling" [stack: 0x0000007499e00000,0x0000007499f00000] [id=6436]

Threads with active compile tasks:

VM state:at safepoint (normal execution)

VM Mutex/Monitor currently owned by a thread:  ([mutex/lock_event])
[0x000001e6490244d0] Threads_lock - owner thread: 0x000001e6653de000

Heap address: 0x00000000c1a00000, size: 998 MB, Compressed Oops mode: 32-bit
Narrow klass base: 0x0000000000000000, Narrow klass shift: 3
Compressed class space size: 1073741824 Address: 0x0000000100000000

Heap:
 garbage-first heap   total 95232K, used 69676K [0x00000000c1a00000, 0x0000000100000000)
  region size 1024K, 40 young (40960K), 5 survivors (5120K)
 Metaspace       used 66391K, capacity 68101K, committed 68272K, reserved 1107968K
  class space    used 8194K, capacity 8845K, committed 8960K, reserved 1048576K
Heap Regions: E=young(eden), S=young(survivor), O=old, HS=humongous(starts), HC=humongous(continues), CS=collection set, F=free, A=archive, TAMS=top-at-mark-start (previous, next)
|   0|0x00000000c1a00000, 0x00000000c1b00000, 0x00000000c1b00000|100%| O|  |TAMS 0x00000000c1b00000, 0x00000000c1a00000| Untracked 
|   1|0x00000000c1b00000, 0x00000000c1c00000, 0x00000000c1c00000|100%| O|  |TAMS 0x00000000c1c00000, 0x00000000c1b00000| Untracked 
|   2|0x00000000c1c00000, 0x00000000c1d00000, 0x00000000c1d00000|100%| O|  |TAMS 0x00000000c1d00000, 0x00000000c1c00000| Untracked 
|   3|0x00000000c1d00000, 0x00000000c1e00000, 0x00000000c1e00000|100%| O|  |TAMS 0x00000000c1e00000, 0x00000000c1d00000| Untracked 
|   4|0x00000000c1e00000, 0x00000000c1f00000, 0x00000000c1f00000|100%| O|  |TAMS 0x00000000c1f00000, 0x00000000c1e00000| Untracked 
|   5|0x00000000c1f00000, 0x00000000c2000000, 0x00000000c2000000|100%| O|  |TAMS 0x00000000c2000000, 0x00000000c1f00000| Untracked 
|   6|0x00000000c2000000, 0x00000000c2100000, 0x00000000c2100000|100%| O|  |TAMS 0x00000000c2100000, 0x00000000c2000000| Untracked 
|   7|0x00000000c2100000, 0x00000000c2200000, 0x00000000c2200000|100%| O|  |TAMS 0x00000000c2200000, 0x00000000c2100000| Untracked 
|   8|0x00000000c2200000, 0x00000000c2300000, 0x00000000c2300000|100%| O|  |TAMS 0x00000000c2300000, 0x00000000c2200000| Untracked 
|   9|0x00000000c2300000, 0x00000000c2400000, 0x00000000c2400000|100%| O|  |TAMS 0x00000000c2400000, 0x00000000c2300000| Untracked 
|  10|0x00000000c2400000, 0x00000000c2500000, 0x00000000c2500000|100%| O|  |TAMS 0x00000000c2500000, 0x00000000c2400000| Untracked 
|  11|0x00000000c2500000, 0x00000000c2600000, 0x00000000c2600000|100%| O|  |TAMS 0x00000000c2600000, 0x00000000c2500000| Untracked 
|  12|0x00000000c2600000, 0x00000000c2700000, 0x00000000c2700000|100%| O|  |TAMS 0x00000000c2700000, 0x00000000c2600000| Untracked 
|  13|0x00000000c2700000, 0x00000000c2800000, 0x00000000c2800000|100%| O|  |TAMS 0x00000000c2800000, 0x00000000c2700000| Untracked 
|  14|0x00000000c2800000, 0x00000000c2900000, 0x00000000c2900000|100%| O|  |TAMS 0x00000000c2900000, 0x00000000c2800000| Untracked 
|  15|0x00000000c2900000, 0x00000000c2a00000, 0x00000000c2a00000|100%| O|  |TAMS 0x00000000c2a00000, 0x00000000c2900000| Untracked 
|  16|0x00000000c2a00000, 0x00000000c2b00000, 0x00000000c2b00000|100%| O|  |TAMS 0x00000000c2b00000, 0x00000000c2a00000| Untracked 
|  17|0x00000000c2b00000, 0x00000000c2c00000, 0x00000000c2c00000|100%| O|  |TAMS 0x00000000c2c00000, 0x00000000c2b00000| Untracked 
|  18|0x00000000c2c00000, 0x00000000c2d00000, 0x00000000c2d00000|100%| O|  |TAMS 0x00000000c2d00000, 0x00000000c2c00000| Untracked 
|  19|0x00000000c2d00000, 0x00000000c2e00000, 0x00000000c2e00000|100%| O|  |TAMS 0x00000000c2e00000, 0x00000000c2d00000| Untracked 
|  20|0x00000000c2e00000, 0x00000000c2f00000, 0x00000000c2f00000|100%| O|  |TAMS 0x00000000c2f00000, 0x00000000c2e00000| Untracked 
|  21|0x00000000c2f00000, 0x00000000c3000000, 0x00000000c3000000|100%| O|  |TAMS 0x00000000c3000000, 0x00000000c2f00000| Untracked 
|  22|0x00000000c3000000, 0x00000000c3100000, 0x00000000c3100000|100%| O|  |TAMS 0x00000000c30ddc08, 0x00000000c3000000| Untracked 
|  23|0x00000000c3100000, 0x00000000c3200000, 0x00000000c3200000|100%| O|  |TAMS 0x00000000c3100000, 0x00000000c3100000| Untracked 
|  24|0x00000000c3200000, 0x00000000c3300000, 0x00000000c3300000|100%| O|  |TAMS 0x00000000c3200000, 0x00000000c3200000| Untracked 
|  25|0x00000000c3300000, 0x00000000c3400000, 0x00000000c3400000|100%| O|  |TAMS 0x00000000c3300000, 0x00000000c3300000| Untracked 
|  26|0x00000000c3400000, 0x00000000c3500000, 0x00000000c3500000|100%| O|  |TAMS 0x00000000c3400000, 0x00000000c3400000| Untracked 
|  27|0x00000000c3500000, 0x00000000c3600000, 0x00000000c3600000|100%| O|  |TAMS 0x00000000c3500000, 0x00000000c3500000| Untracked 
|  28|0x00000000c3600000, 0x00000000c3700000, 0x00000000c3700000|100%| O|  |TAMS 0x00000000c3600000, 0x00000000c3600000| Untracked 
|  29|0x00000000c3700000, 0x00000000c37cb400, 0x00000000c3800000| 79%| O|  |TAMS 0x00000000c3700000, 0x00000000c3700000| Untracked 
|  30|0x00000000c3800000, 0x00000000c3800000, 0x00000000c3900000|  0%| F|  |TAMS 0x00000000c3800000, 0x00000000c3800000| Untracked 
|  31|0x00000000c3900000, 0x00000000c3900000, 0x00000000c3a00000|  0%| F|  |TAMS 0x00000000c3900000, 0x00000000c3900000| Untracked 
|  32|0x00000000c3a00000, 0x00000000c3a00000, 0x00000000c3b00000|  0%| F|  |TAMS 0x00000000c3a00000, 0x00000000c3a00000| Untracked 
|  33|0x00000000c3b00000, 0x00000000c3b00000, 0x00000000c3c00000|  0%| F|  |TAMS 0x00000000c3b00000, 0x00000000c3b00000| Untracked 
|  34|0x00000000c3c00000, 0x00000000c3c00000, 0x00000000c3d00000|  0%| F|  |TAMS 0x00000000c3c00000, 0x00000000c3c00000| Untracked 
|  35|0x00000000c3d00000, 0x00000000c3d00000, 0x00000000c3e00000|  0%| F|  |TAMS 0x00000000c3d00000, 0x00000000c3d00000| Untracked 
|  36|0x00000000c3e00000, 0x00000000c3e00000, 0x00000000c3f00000|  0%| F|  |TAMS 0x00000000c3e00000, 0x00000000c3e00000| Untracked 
|  37|0x00000000c3f00000, 0x00000000c3f00000, 0x00000000c4000000|  0%| F|  |TAMS 0x00000000c3f00000, 0x00000000c3f00000| Untracked 
|  38|0x00000000c4000000, 0x00000000c4000000, 0x00000000c4100000|  0%| F|  |TAMS 0x00000000c4000000, 0x00000000c4000000| Untracked 
|  39|0x00000000c4100000, 0x00000000c4100000, 0x00000000c4200000|  0%| F|  |TAMS 0x00000000c4100000, 0x00000000c4100000| Untracked 
|  40|0x00000000c4200000, 0x00000000c4200000, 0x00000000c4300000|  0%| F|  |TAMS 0x00000000c4200000, 0x00000000c4200000| Untracked 
|  41|0x00000000c4300000, 0x00000000c4300000, 0x00000000c4400000|  0%| F|  |TAMS 0x00000000c4300000, 0x00000000c4300000| Untracked 
|  42|0x00000000c4400000, 0x00000000c4400000, 0x00000000c4500000|  0%| F|  |TAMS 0x00000000c4400000, 0x00000000c4400000| Untracked 
|  43|0x00000000c4500000, 0x00000000c4500000, 0x00000000c4600000|  0%| F|  |TAMS 0x00000000c4500000, 0x00000000c4500000| Untracked 
|  44|0x00000000c4600000, 0x00000000c4600000, 0x00000000c4700000|  0%| F|  |TAMS 0x00000000c4600000, 0x00000000c4600000| Untracked 
|  45|0x00000000c4700000, 0x00000000c4700000, 0x00000000c4800000|  0%| F|  |TAMS 0x00000000c4700000, 0x00000000c4700000| Untracked 
|  46|0x00000000c4800000, 0x00000000c4800000, 0x00000000c4900000|  0%| F|  |TAMS 0x00000000c4800000, 0x00000000c4800000| Untracked 
|  47|0x00000000c4900000, 0x00000000c493fec8, 0x00000000c4a00000| 24%| S|CS|TAMS 0x00000000c4900000, 0x00000000c4900000| Complete 
|  48|0x00000000c4a00000, 0x00000000c4b00000, 0x00000000c4b00000|100%| S|CS|TAMS 0x00000000c4a00000, 0x00000000c4a00000| Complete 
|  49|0x00000000c4b00000, 0x00000000c4c00000, 0x00000000c4c00000|100%| S|CS|TAMS 0x00000000c4b00000, 0x00000000c4b00000| Complete 
|  50|0x00000000c4c00000, 0x00000000c4d00000, 0x00000000c4d00000|100%| S|CS|TAMS 0x00000000c4c00000, 0x00000000c4c00000| Complete 
|  51|0x00000000c4d00000, 0x00000000c4e00000, 0x00000000c4e00000|100%| S|CS|TAMS 0x00000000c4d00000, 0x00000000c4d00000| Complete 
|  52|0x00000000c4e00000, 0x00000000c4e00000, 0x00000000c4f00000|  0%| F|  |TAMS 0x00000000c4e00000, 0x00000000c4e00000| Untracked 
|  53|0x00000000c4f00000, 0x00000000c4f00000, 0x00000000c5000000|  0%| F|  |TAMS 0x00000000c4f00000, 0x00000000c4f00000| Untracked 
|  54|0x00000000c5000000, 0x00000000c5000000, 0x00000000c5100000|  0%| F|  |TAMS 0x00000000c5000000, 0x00000000c5000000| Untracked 
|  55|0x00000000c5100000, 0x00000000c5100000, 0x00000000c5200000|  0%| F|  |TAMS 0x00000000c5100000, 0x00000000c5100000| Untracked 
|  56|0x00000000c5200000, 0x00000000c5200000, 0x00000000c5300000|  0%| F|  |TAMS 0x00000000c5200000, 0x00000000c5200000| Untracked 
|  57|0x00000000c5300000, 0x00000000c5300000, 0x00000000c5400000|  0%| F|  |TAMS 0x00000000c5300000, 0x00000000c5300000| Untracked 
|  58|0x00000000c5400000, 0x00000000c54ab2f0, 0x00000000c5500000| 66%| E|  |TAMS 0x00000000c5400000, 0x00000000c5400000| Complete 
|  59|0x00000000c5500000, 0x00000000c5600000, 0x00000000c5600000|100%| E|CS|TAMS 0x00000000c5500000, 0x00000000c5500000| Complete 
|  60|0x00000000c5600000, 0x00000000c5700000, 0x00000000c5700000|100%| E|CS|TAMS 0x00000000c5600000, 0x00000000c5600000| Complete 
|  61|0x00000000c5700000, 0x00000000c5800000, 0x00000000c5800000|100%| E|CS|TAMS 0x00000000c5700000, 0x00000000c5700000| Complete 
|  62|0x00000000c5800000, 0x00000000c5900000, 0x00000000c5900000|100%| E|CS|TAMS 0x00000000c5800000, 0x00000000c5800000| Complete 
|  63|0x00000000c5900000, 0x00000000c5a00000, 0x00000000c5a00000|100%| E|CS|TAMS 0x00000000c5900000, 0x00000000c5900000| Complete 
|  64|0x00000000c5a00000, 0x00000000c5b00000, 0x00000000c5b00000|100%| E|CS|TAMS 0x00000000c5a00000, 0x00000000c5a00000| Complete 
|  65|0x00000000c5b00000, 0x00000000c5c00000, 0x00000000c5c00000|100%| E|CS|TAMS 0x00000000c5b00000, 0x00000000c5b00000| Complete 
|  66|0x00000000c5c00000, 0x00000000c5d00000, 0x00000000c5d00000|100%| E|CS|TAMS 0x00000000c5c00000, 0x00000000c5c00000| Complete 
|  67|0x00000000c5d00000, 0x00000000c5e00000, 0x00000000c5e00000|100%| E|CS|TAMS 0x00000000c5d00000, 0x00000000c5d00000| Complete 
|  68|0x00000000c5e00000, 0x00000000c5f00000, 0x00000000c5f00000|100%| E|CS|TAMS 0x00000000c5e00000, 0x00000000c5e00000| Complete 
|  69|0x00000000c5f00000, 0x00000000c6000000, 0x00000000c6000000|100%| E|CS|TAMS 0x00000000c5f00000, 0x00000000c5f00000| Complete 
|  70|0x00000000c6000000, 0x00000000c6100000, 0x00000000c6100000|100%| E|CS|TAMS 0x00000000c6000000, 0x00000000c6000000| Complete 
|  71|0x00000000c6100000, 0x00000000c6200000, 0x00000000c6200000|100%| E|CS|TAMS 0x00000000c6100000, 0x00000000c6100000| Complete 
|  72|0x00000000c6200000, 0x00000000c6300000, 0x00000000c6300000|100%| E|CS|TAMS 0x00000000c6200000, 0x00000000c6200000| Complete 
|  73|0x00000000c6300000, 0x00000000c6400000, 0x00000000c6400000|100%| E|CS|TAMS 0x00000000c6300000, 0x00000000c6300000| Complete 
|  74|0x00000000c6400000, 0x00000000c6500000, 0x00000000c6500000|100%| E|CS|TAMS 0x00000000c6400000, 0x00000000c6400000| Complete 
|  75|0x00000000c6500000, 0x00000000c6600000, 0x00000000c6600000|100%| E|CS|TAMS 0x00000000c6500000, 0x00000000c6500000| Complete 
|  76|0x00000000c6600000, 0x00000000c6700000, 0x00000000c6700000|100%| E|CS|TAMS 0x00000000c6600000, 0x00000000c6600000| Complete 
|  77|0x00000000c6700000, 0x00000000c6800000, 0x00000000c6800000|100%| E|CS|TAMS 0x00000000c6700000, 0x00000000c6700000| Complete 
|  78|0x00000000c6800000, 0x00000000c6900000, 0x00000000c6900000|100%| E|CS|TAMS 0x00000000c6800000, 0x00000000c6800000| Complete 
|  79|0x00000000c6900000, 0x00000000c6a00000, 0x00000000c6a00000|100%| E|CS|TAMS 0x00000000c6900000, 0x00000000c6900000| Complete 
|  80|0x00000000c6a00000, 0x00000000c6b00000, 0x00000000c6b00000|100%| E|CS|TAMS 0x00000000c6a00000, 0x00000000c6a00000| Complete 
|  81|0x00000000c6b00000, 0x00000000c6c00000, 0x00000000c6c00000|100%| E|CS|TAMS 0x00000000c6b00000, 0x00000000c6b00000| Complete 
|  82|0x00000000c6c00000, 0x00000000c6d00000, 0x00000000c6d00000|100%| E|CS|TAMS 0x00000000c6c00000, 0x00000000c6c00000| Complete 
|  83|0x00000000c6d00000, 0x00000000c6e00000, 0x00000000c6e00000|100%| E|CS|TAMS 0x00000000c6d00000, 0x00000000c6d00000| Complete 
|  84|0x00000000c6e00000, 0x00000000c6f00000, 0x00000000c6f00000|100%| E|CS|TAMS 0x00000000c6e00000, 0x00000000c6e00000| Complete 
|  85|0x00000000c6f00000, 0x00000000c7000000, 0x00000000c7000000|100%| E|CS|TAMS 0x00000000c6f00000, 0x00000000c6f00000| Complete 
|  86|0x00000000c7000000, 0x00000000c7100000, 0x00000000c7100000|100%| E|CS|TAMS 0x00000000c7000000, 0x00000000c7000000| Complete 
|  87|0x00000000c7100000, 0x00000000c7200000, 0x00000000c7200000|100%| E|CS|TAMS 0x00000000c7100000, 0x00000000c7100000| Complete 
|  88|0x00000000c7200000, 0x00000000c7300000, 0x00000000c7300000|100%| E|CS|TAMS 0x00000000c7200000, 0x00000000c7200000| Complete 
|  89|0x00000000c7300000, 0x00000000c7400000, 0x00000000c7400000|100%| E|CS|TAMS 0x00000000c7300000, 0x00000000c7300000| Complete 
|  90|0x00000000c7400000, 0x00000000c7500000, 0x00000000c7500000|100%| E|CS|TAMS 0x00000000c7400000, 0x00000000c7400000| Complete 
|  91|0x00000000c7500000, 0x00000000c7600000, 0x00000000c7600000|100%| E|CS|TAMS 0x00000000c7500000, 0x00000000c7500000| Complete 
|  92|0x00000000c7600000, 0x00000000c7700000, 0x00000000c7700000|100%| E|CS|TAMS 0x00000000c7600000, 0x00000000c7600000| Complete 

Card table byte_map: [0x000001e660c10000,0x000001e660e10000] _byte_map_base: 0x000001e660603000

Marking Bits (Prev, Next): (CMBitMap*) 0x000001e649057a10, (CMBitMap*) 0x000001e6490579d8
 Prev Bits: [0x000001e661fb0000, 0x000001e662f48000)
 Next Bits: [0x000001e661010000, 0x000001e661fa8000)

Polling page: 0x000001e646da0000

Metaspace:

Usage:
  Non-class:     57.87 MB capacity,    56.83 MB ( 98%) used,   838.97 KB (  1%) free+waste,   220.88 KB ( <1%) overhead. 
      Class:      8.64 MB capacity,     8.00 MB ( 93%) used,   550.14 KB (  6%) free+waste,    99.88 KB (  1%) overhead. 
       Both:     66.50 MB capacity,    64.84 MB ( 97%) used,     1.36 MB (  2%) free+waste,   320.75 KB ( <1%) overhead. 

Virtual space:
  Non-class space:       58.00 MB reserved,      57.92 MB (>99%) committed 
      Class space:        1.00 GB reserved,       8.75 MB ( <1%) committed 
             Both:        1.06 GB reserved,      66.67 MB (  6%) committed 

Chunk freelists:
   Non-Class:  56.00 KB
       Class:  0 bytes
        Both:  56.00 KB

MaxMetaspaceSize: 17179869184.00 GB
CompressedClassSpaceSize: 1.00 GB
Initial GC threshold: 20.80 MB
Current GC threshold: 98.41 MB
CDS: off

CodeHeap 'non-profiled nmethods': size=120064Kb used=3805Kb max_used=3805Kb free=116258Kb
 bounds [0x000001e6594d0000, 0x000001e659890000, 0x000001e660a10000]
CodeHeap 'profiled nmethods': size=120000Kb used=14238Kb max_used=14238Kb free=105762Kb
 bounds [0x000001e651fa0000, 0x000001e652d90000, 0x000001e6594d0000]
CodeHeap 'non-nmethods': size=5696Kb used=1380Kb max_used=1442Kb free=4315Kb
 bounds [0x000001e651a10000, 0x000001e651c80000, 0x000001e651fa0000]
 total_blobs=6707 nmethods=6117 adapters=510
 compilation: enabled
              stopped_count=0, restarted_count=0
 full_count=0

Compilation events (20 events):
Event: 2542.544 Thread 0x000001e665db0800 6218   !   3       java.util.concurrent.ThreadPoolExecutor::getTask (177 bytes)
Event: 2542.569 Thread 0x000001e665db0800 nmethod 6218 0x000001e652d7fb90 code [0x000001e652d7fe20, 0x000001e652d80d98]
Event: 2562.542 Thread 0x000001e665db0800 6219       3       java.util.concurrent.locks.AbstractQueuedSynchronizer$ConditionObject::signal (33 bytes)
Event: 2562.546 Thread 0x000001e665db0800 nmethod 6219 0x000001e652d81290 code [0x000001e652d81480, 0x000001e652d817c8]
Event: 2562.546 Thread 0x000001e665db0800 6220       3       java.util.concurrent.locks.AbstractQueuedSynchronizer$ConditionObject::await (98 bytes)
Event: 2562.554 Thread 0x000001e665db0800 nmethod 6220 0x000001e652d81910 code [0x000001e652d81c60, 0x000001e652d82eb8]
Event: 2572.542 Thread 0x000001e665db0800 6221       3       java.util.concurrent.locks.AbstractQueuedSynchronizer::transferAfterCancelledWait (34 bytes)
Event: 2572.553 Thread 0x000001e665db0800 nmethod 6221 0x000001e652d83610 code [0x000001e652d838a0, 0x000001e652d843a8]
Event: 2572.553 Thread 0x000001e665db0800 6222       3       java.util.concurrent.locks.AbstractQueuedSynchronizer$ConditionObject::unlinkCancelledWaiters (67 bytes)
Event: 2572.554 Thread 0x000001e665db0800 nmethod 6222 0x000001e652d84810 code [0x000001e652d849e0, 0x000001e652d84dd8]
Event: 2572.554 Thread 0x000001e665db0800 6223       1       java.util.concurrent.ThreadPoolExecutor::getQueue (5 bytes)
Event: 2572.554 Thread 0x000001e665db0800 nmethod 6223 0x000001e659887290 code [0x000001e659887440, 0x000001e6598874f8]
Event: 2582.541 Thread 0x000001e665db0800 6224       3       java.util.concurrent.ScheduledThreadPoolExecutor$DelayedWorkQueue::finishPoll (43 bytes)
Event: 2582.542 Thread 0x000001e665db0800 nmethod 6224 0x000001e652d84f10 code [0x000001e652d85100, 0x000001e652d856e8]
Event: 2582.542 Thread 0x000001e665db0800 6225       3       java.util.concurrent.ThreadPoolExecutor$Worker::lock (6 bytes)
Event: 2582.547 Thread 0x000001e665db0800 nmethod 6225 0x000001e652d85890 code [0x000001e652d85b00, 0x000001e652d864a8]
Event: 2582.547 Thread 0x000001e665db0800 6226       3       java.util.concurrent.ThreadPoolExecutor$Worker::tryAcquire (20 bytes)
Event: 2582.550 Thread 0x000001e665db0800 nmethod 6226 0x000001e652d86890 code [0x000001e652d86ac0, 0x000001e652d87178]
Event: 2582.550 Thread 0x000001e665db0800 6227       3       java.util.concurrent.ThreadPoolExecutor::beforeExecute (1 bytes)
Event: 2582.550 Thread 0x000001e665db0800 nmethod 6227 0x000001e652d87490 code [0x000001e652d87640, 0x000001e652d87738]

GC Heap History (20 events):
Event: 17.432 GC heap before
{Heap before GC invocations=22 (full 0):
 garbage-first heap   total 78848K, used 56423K [0x00000000c1a00000, 0x0000000100000000)
  region size 1024K, 37 young (37888K), 3 survivors (3072K)
 Metaspace       used 46911K, capacity 48164K, committed 48176K, reserved 1091584K
  class space    used 5801K, capacity 6267K, committed 6272K, reserved 1048576K
}
Event: 17.441 GC heap after
{Heap after GC invocations=23 (full 0):
 garbage-first heap   total 78848K, used 22118K [0x00000000c1a00000, 0x0000000100000000)
  region size 1024K, 4 young (4096K), 4 survivors (4096K)
 Metaspace       used 46911K, capacity 48164K, committed 48176K, reserved 1091584K
  class space    used 5801K, capacity 6267K, committed 6272K, reserved 1048576K
}
Event: 19.032 GC heap before
{Heap before GC invocations=23 (full 0):
 garbage-first heap   total 78848K, used 57958K [0x00000000c1a00000, 0x0000000100000000)
  region size 1024K, 39 young (39936K), 4 survivors (4096K)
 Metaspace       used 48880K, capacity 50191K, committed 50224K, reserved 1093632K
  class space    used 6028K, capacity 6514K, committed 6528K, reserved 1048576K
}
Event: 19.043 GC heap after
{Heap after GC invocations=24 (full 0):
 garbage-first heap   total 78848K, used 22921K [0x00000000c1a00000, 0x0000000100000000)
  region size 1024K, 4 young (4096K), 4 survivors (4096K)
 Metaspace       used 48880K, capacity 50191K, committed 50224K, reserved 1093632K
  class space    used 6028K, capacity 6514K, committed 6528K, reserved 1048576K
}
Event: 21.064 GC heap before
{Heap before GC invocations=24 (full 0):
 garbage-first heap   total 78848K, used 60809K [0x00000000c1a00000, 0x0000000100000000)
  region size 1024K, 41 young (41984K), 4 survivors (4096K)
 Metaspace       used 51586K, capacity 52864K, committed 52912K, reserved 1095680K
  class space    used 6387K, capacity 6873K, committed 6912K, reserved 1048576K
}
Event: 21.078 GC heap after
{Heap after GC invocations=25 (full 0):
 garbage-first heap   total 78848K, used 23502K [0x00000000c1a00000, 0x0000000100000000)
  region size 1024K, 4 young (4096K), 4 survivors (4096K)
 Metaspace       used 51586K, capacity 52864K, committed 52912K, reserved 1095680K
  class space    used 6387K, capacity 6873K, committed 6912K, reserved 1048576K
}
Event: 22.015 GC heap before
{Heap before GC invocations=25 (full 0):
 garbage-first heap   total 78848K, used 61390K [0x00000000c1a00000, 0x0000000100000000)
  region size 1024K, 41 young (41984K), 4 survivors (4096K)
 Metaspace       used 55038K, capacity 56341K, committed 56496K, reserved 1097728K
  class space    used 6782K, capacity 7302K, committed 7424K, reserved 1048576K
}
Event: 22.028 GC heap after
{Heap after GC invocations=26 (full 0):
 garbage-first heap   total 95232K, used 25807K [0x00000000c1a00000, 0x0000000100000000)
  region size 1024K, 5 young (5120K), 5 survivors (5120K)
 Metaspace       used 55038K, capacity 56341K, committed 56496K, reserved 1097728K
  class space    used 6782K, capacity 7302K, committed 7424K, reserved 1048576K
}
Event: 23.243 GC heap before
{Heap before GC invocations=26 (full 0):
 garbage-first heap   total 95232K, used 68815K [0x00000000c1a00000, 0x0000000100000000)
  region size 1024K, 47 young (48128K), 5 survivors (5120K)
 Metaspace       used 57997K, capacity 59286K, committed 59312K, reserved 1101824K
  class space    used 7169K, capacity 7680K, committed 7680K, reserved 1048576K
}
Event: 23.256 GC heap after
{Heap after GC invocations=27 (full 0):
 garbage-first heap   total 95232K, used 26507K [0x00000000c1a00000, 0x0000000100000000)
  region size 1024K, 4 young (4096K), 4 survivors (4096K)
 Metaspace       used 57997K, capacity 59286K, committed 59312K, reserved 1101824K
  class space    used 7169K, capacity 7680K, committed 7680K, reserved 1048576K
}
Event: 24.523 GC heap before
{Heap before GC invocations=27 (full 0):
 garbage-first heap   total 95232K, used 52107K [0x00000000c1a00000, 0x0000000100000000)
  region size 1024K, 30 young (30720K), 4 survivors (4096K)
 Metaspace       used 58753K, capacity 60088K, committed 60208K, reserved 1101824K
  class space    used 7246K, capacity 7749K, committed 7808K, reserved 1048576K
}
Event: 24.533 GC heap after
{Heap after GC invocations=28 (full 0):
 garbage-first heap   total 95232K, used 27511K [0x00000000c1a00000, 0x0000000100000000)
  region size 1024K, 4 young (4096K), 4 survivors (4096K)
 Metaspace       used 58753K, capacity 60088K, committed 60208K, reserved 1101824K
  class space    used 7246K, capacity 7749K, committed 7808K, reserved 1048576K
}
Event: 25.879 GC heap before
{Heap before GC invocations=29 (full 0):
 garbage-first heap   total 95232K, used 70519K [0x00000000c1a00000, 0x0000000100000000)
  region size 1024K, 46 young (47104K), 4 survivors (4096K)
 Metaspace       used 59744K, capacity 61151K, committed 61360K, reserved 1103872K
  class space    used 7352K, capacity 7884K, committed 7936K, reserved 1048576K
}
Event: 25.891 GC heap after
{Heap after GC invocations=30 (full 0):
 garbage-first heap   total 95232K, used 29139K [0x00000000c1a00000, 0x0000000100000000)
  region size 1024K, 4 young (4096K), 4 survivors (4096K)
 Metaspace       used 59744K, capacity 61151K, committed 61360K, reserved 1103872K
  class space    used 7352K, capacity 7884K, committed 7936K, reserved 1048576K
}
Event: 27.020 GC heap before
{Heap before GC invocations=30 (full 0):
 garbage-first heap   total 95232K, used 72147K [0x00000000c1a00000, 0x0000000100000000)
  region size 1024K, 46 young (47104K), 4 survivors (4096K)
 Metaspace       used 60836K, capacity 62246K, committed 62512K, reserved 1103872K
  class space    used 7494K, capacity 8033K, committed 8064K, reserved 1048576K
}
Event: 27.032 GC heap after
{Heap after GC invocations=31 (full 0):
 garbage-first heap   total 95232K, used 30772K [0x00000000c1a00000, 0x0000000100000000)
  region size 1024K, 5 young (5120K), 5 survivors (5120K)
 Metaspace       used 60836K, capacity 62246K, committed 62512K, reserved 1103872K
  class space    used 7494K, capacity 8033K, committed 8064K, reserved 1048576K
}
Event: 28.129 GC heap before
{Heap before GC invocations=31 (full 0):
 garbage-first heap   total 95232K, used 73780K [0x00000000c1a00000, 0x0000000100000000)
  region size 1024K, 47 young (48128K), 5 survivors (5120K)
 Metaspace       used 62378K, capacity 64000K, committed 64176K, reserved 1105920K
  class space    used 7714K, capacity 8340K, committed 8448K, reserved 1048576K
}
Event: 28.143 GC heap after
{Heap after GC invocations=32 (full 0):
 garbage-first heap   total 95232K, used 33321K [0x00000000c1a00000, 0x0000000100000000)
  region size 1024K, 6 young (6144K), 6 survivors (6144K)
 Metaspace       used 62378K, capacity 64000K, committed 64176K, reserved 1105920K
  class space    used 7714K, capacity 8340K, committed 8448K, reserved 1048576K
}
Event: 29.082 GC heap before
{Heap before GC invocations=32 (full 0):
 garbage-first heap   total 95232K, used 75305K [0x00000000c1a00000, 0x0000000100000000)
  region size 1024K, 47 young (48128K), 6 survivors (6144K)
 Metaspace       used 64111K, capacity 65745K, committed 65968K, reserved 1105920K
  class space    used 7929K, capacity 8577K, committed 8704K, reserved 1048576K
}
Event: 29.099 GC heap after
{Heap after GC invocations=33 (full 0):
 garbage-first heap   total 95232K, used 34860K [0x00000000c1a00000, 0x0000000100000000)
  region size 1024K, 5 young (5120K), 5 survivors (5120K)
 Metaspace       used 64111K, capacity 65745K, committed 65968K, reserved 1105920K
  class space    used 7929K, capacity 8577K, committed 8704K, reserved 1048576K
}

Deoptimization events (20 events):
Event: 30.036 Thread 0x000001e649029000 DEOPT PACKING pc=0x000001e652b6a744 sp=0x00000074999fc330
Event: 30.036 Thread 0x000001e649029000 DEOPT UNPACKING pc=0x000001e651a5a95e sp=0x00000074999fb878 mode 1
Event: 30.106 Thread 0x000001e649029000 DEOPT PACKING pc=0x000001e65224a81c sp=0x00000074999fc750
Event: 30.106 Thread 0x000001e649029000 DEOPT UNPACKING pc=0x000001e651a5a95e sp=0x00000074999fbbe8 mode 1
Event: 30.106 Thread 0x000001e649029000 DEOPT PACKING pc=0x000001e6521ad6d4 sp=0x00000074999fc820
Event: 30.106 Thread 0x000001e649029000 DEOPT UNPACKING pc=0x000001e651a5a95e sp=0x00000074999fbcd8 mode 1
Event: 30.106 Thread 0x000001e649029000 DEOPT PACKING pc=0x000001e65221fd3c sp=0x00000074999fd2e0
Event: 30.106 Thread 0x000001e649029000 DEOPT UNPACKING pc=0x000001e651a5a95e sp=0x00000074999fc7b8 mode 1
Event: 30.106 Thread 0x000001e649029000 DEOPT PACKING pc=0x000001e652496d5c sp=0x00000074999fd380
Event: 30.106 Thread 0x000001e649029000 DEOPT UNPACKING pc=0x000001e651a5a95e sp=0x00000074999fc918 mode 1
Event: 30.107 Thread 0x000001e649029000 DEOPT PACKING pc=0x000001e65224a81c sp=0x00000074999fc800
Event: 30.107 Thread 0x000001e649029000 DEOPT UNPACKING pc=0x000001e651a5a95e sp=0x00000074999fbc98 mode 1
Event: 30.107 Thread 0x000001e649029000 DEOPT PACKING pc=0x000001e6521ad6d4 sp=0x00000074999fc8d0
Event: 30.108 Thread 0x000001e649029000 DEOPT UNPACKING pc=0x000001e651a5a95e sp=0x00000074999fbd88 mode 1
Event: 30.108 Thread 0x000001e649029000 DEOPT PACKING pc=0x000001e65221fd3c sp=0x00000074999fd390
Event: 30.108 Thread 0x000001e649029000 DEOPT UNPACKING pc=0x000001e651a5a95e sp=0x00000074999fc880 mode 1
Event: 30.162 Thread 0x000001e649029000 Uncommon trap: trap_request=0xffffff4d fr.pc=0x000001e6594e6164 relative=0x0000000000000044
Event: 30.162 Thread 0x000001e649029000 Uncommon trap: reason=unstable_if action=reinterpret pc=0x000001e6594e6164 method=java.lang.CharacterData.of(I)Ljava/lang/CharacterData; @ 4 c2
Event: 30.162 Thread 0x000001e649029000 DEOPT PACKING pc=0x000001e6594e6164 sp=0x00000074999fb030
Event: 30.162 Thread 0x000001e649029000 DEOPT UNPACKING pc=0x000001e651a5a1af sp=0x00000074999fafc8 mode 2

Classes redefined (3 events):
Event: 729.480 Thread 0x000001e6653de000 redefined class name=br.com.barter.APIbarter.controllers.ProdutoRestControllerTest, count=1
Event: 2119.959 Thread 0x000001e6653de000 redefined class name=br.com.barter.APIbarter.controllers.ProdutoRestControllerTest, count=2
Event: 2332.523 Thread 0x000001e6653de000 redefined class name=br.com.barter.APIbarter.controllers.ProdutoRestControllerTest, count=3

Internal exceptions (20 events):
Event: 28.839 Thread 0x000001e649029000 Exception <a 'java/lang/ClassNotFoundException'{0x00000000c58941f8}: org/springframework/web/multipart/MultipartResolverCustomizer> (0x00000000c58941f8) thrown at [./src/hotspot/share/classfile/systemDictionary.cpp, line 237]
Event: 28.842 Thread 0x000001e649029000 Exception <a 'java/lang/ClassNotFoundException'{0x00000000c58a65d0}: java/lang/ObjectCustomizer> (0x00000000c58a65d0) thrown at [./src/hotspot/share/classfile/systemDictionary.cpp, line 237]
Event: 28.844 Thread 0x000001e649029000 Exception <a 'java/lang/ClassNotFoundException'{0x00000000c58cd168}: org/springframework/boot/test/autoconfigure/web/servlet/MockMvcAutoConfigurationCustomizer> (0x00000000c58cd168) thrown at [./src/hotspot/share/classfile/systemDictionary.cpp, line 237]
Event: 28.849 Thread 0x000001e649029000 Exception <a 'java/lang/ClassNotFoundException'{0x00000000c58f6e88}: java/lang/ObjectCustomizer> (0x00000000c58f6e88) thrown at [./src/hotspot/share/classfile/systemDictionary.cpp, line 237]
Event: 28.852 Thread 0x000001e649029000 Exception <a 'java/lang/ClassNotFoundException'{0x00000000c5720768}: org/springframework/boot/test/autoconfigure/web/servlet/SpringBootMockMvcBuilderCustomizerCustomizer> (0x00000000c5720768) thrown at [./src/hotspot/share/classfile/systemDictionary.cpp, line 237]
Event: 28.854 Thread 0x000001e649029000 Exception <a 'java/lang/ClassNotFoundException'{0x00000000c574c0e8}: org/springframework/boot/test/autoconfigure/web/servlet/MockMvcBuilderCustomizerCustomizer> (0x00000000c574c0e8) thrown at [./src/hotspot/share/classfile/systemDictionary.cpp, line 237]
Event: 28.881 Thread 0x000001e649029000 Exception <a 'java/lang/ClassNotFoundException'{0x00000000c568c110}: java/lang/ObjectCustomizer> (0x00000000c568c110) thrown at [./src/hotspot/share/classfile/systemDictionary.cpp, line 237]
Event: 28.883 Thread 0x000001e649029000 Exception <a 'java/lang/ClassNotFoundException'{0x00000000c56add98}: org/springframework/test/web/servlet/MockMvcBuilderSupportCustomizer> (0x00000000c56add98) thrown at [./src/hotspot/share/classfile/systemDictionary.cpp, line 237]
Event: 28.886 Thread 0x000001e649029000 Exception <a 'java/lang/ClassNotFoundException'{0x00000000c56cf6c8}: org/springframework/test/web/servlet/setup/AbstractMockMvcBuilderCustomizer> (0x00000000c56cf6c8) thrown at [./src/hotspot/share/classfile/systemDictionary.cpp, line 237]
Event: 28.889 Thread 0x000001e649029000 Exception <a 'java/lang/ClassNotFoundException'{0x00000000c5500a18}: org/springframework/test/web/servlet/setup/DefaultMockMvcBuilderCustomizer> (0x00000000c5500a18) thrown at [./src/hotspot/share/classfile/systemDictionary.cpp, line 237]
Event: 28.891 Thread 0x000001e649029000 Exception <a 'java/lang/ClassNotFoundException'{0x00000000c5525700}: org/springframework/test/web/servlet/setup/ConfigurableMockMvcBuilderCustomizer> (0x00000000c5525700) thrown at [./src/hotspot/share/classfile/systemDictionary.cpp, line 237]
Event: 28.892 Thread 0x000001e649029000 Exception <a 'java/lang/ClassNotFoundException'{0x00000000c554a498}: org/springframework/test/web/servlet/MockMvcBuilderCustomizer> (0x00000000c554a498) thrown at [./src/hotspot/share/classfile/systemDictionary.cpp, line 237]
Event: 28.908 Thread 0x000001e649029000 Exception <a 'java/lang/ClassNotFoundException'{0x00000000c55ea5b8}: java/lang/ObjectCustomizer> (0x00000000c55ea5b8) thrown at [./src/hotspot/share/classfile/systemDictionary.cpp, line 237]
Event: 28.909 Thread 0x000001e649029000 Exception <a 'java/lang/ClassNotFoundException'{0x00000000c54092a8}: org/springframework/test/web/servlet/MockMvcCustomizer> (0x00000000c54092a8) thrown at [./src/hotspot/share/classfile/systemDictionary.cpp, line 237]
Event: 28.949 Thread 0x000001e649029000 Exception <a 'java/lang/NoSuchMethodError'{0x00000000c54dd420}: 'java.lang.Object java.lang.invoke.DirectMethodHandle$Holder.invokeSpecial(java.lang.Object, java.lang.Object, int, java.lang.Object, int, java.lang.Object)'> (0x00000000c54dd420) thrown at [./src/hotspot/share/interpreter/linkResolver.cpp, line 773]
Event: 28.950 Thread 0x000001e649029000 Exception <a 'java/lang/NoSuchMethodError'{0x00000000c54e5100}: 'java.lang.Object java.lang.invoke.DirectMethodHandle$Holder.invokeStatic(java.lang.Object, java.lang.Object, int, java.lang.Object, int)'> (0x00000000c54e5100) thrown at [./src/hotspot/share/interpreter/linkResolver.cpp, line 773]
Event: 28.951 Thread 0x000001e649029000 Exception <a 'java/lang/NoSuchMethodError'{0x00000000c54e8e30}: 'java.lang.Object java.lang.invoke.DirectMethodHandle$Holder.invokeSpecial(java.lang.Object, java.lang.Object, java.lang.Object, int, java.lang.Object, int)'> (0x00000000c54e8e30) thrown at [./src/hotspot/share/interpreter/linkResolver.cpp, line 773]
Event: 28.955 Thread 0x000001e649029000 Exception <a 'java/lang/NoSuchMethodError'{0x00000000c54fab40}: 'void java.lang.invoke.DirectMethodHandle$Holder.invokeVirtual(java.lang.Object, java.lang.Object)'> (0x00000000c54fab40) thrown at [./src/hotspot/share/interpreter/linkResolver.cpp, line 773]
Event: 30.032 Thread 0x000001e649029000 Exception <a 'java/lang/ClassNotFoundException'{0x00000000c5784680}: java/lang/ObjectCustomizer> (0x00000000c5784680) thrown at [./src/hotspot/share/classfile/systemDictionary.cpp, line 237]
Event: 30.036 Thread 0x000001e649029000 Exception <a 'java/lang/ClassNotFoundException'{0x00000000c57a6240}: br/com/barter/APIbarter/controllers/ProdutoRestControllerTestCustomizer> (0x00000000c57a6240) thrown at [./src/hotspot/share/classfile/systemDictionary.cpp, line 237]

Events (20 events):
Event: 2332.571 Executing VM operation: RedefineClasses done
Event: 2332.608 Executing VM operation: ChangeBreakpoints
Event: 2332.612 Executing VM operation: ChangeBreakpoints done
Event: 2332.643 Executing VM operation: ChangeBreakpoints
Event: 2332.648 Executing VM operation: ChangeBreakpoints done
Event: 2332.674 Executing VM operation: ChangeBreakpoints
Event: 2332.679 Executing VM operation: ChangeBreakpoints done
Event: 2332.683 Executing VM operation: GetFrameCount
Event: 2332.684 Executing VM operation: GetFrameCount done
Event: 2332.686 Executing VM operation: GetStackTrace
Event: 2332.688 Executing VM operation: GetStackTrace done
Event: 2332.733 Executing VM operation: GetFrameCount
Event: 2332.733 Executing VM operation: GetFrameCount done
Event: 2332.734 Executing VM operation: GetOwnedMonitorInfo
Event: 2332.735 Executing VM operation: GetOwnedMonitorInfo done
Event: 2332.736 Executing VM operation: GetCurrentContendedMonitor
Event: 2332.736 Executing VM operation: GetCurrentContendedMonitor done
Event: 2829.081 Executing VM operation: GetFrameLocation
Event: 2829.088 Executing VM operation: GetFrameLocation done
Event: 2829.091 Executing VM operation: GetOrSetLocal


Dynamic libraries:
0x00007ff625880000 - 0x00007ff62588d000 	C:\Program Files\Java\zulu11.50.19-ca-jdk11.0.12-win_x64\bin\javaw.exe
0x00007ffd9f4f0000 - 0x00007ffd9f6e5000 	C:\Windows\SYSTEM32\ntdll.dll
0x00007ffd9e540000 - 0x00007ffd9e5fe000 	C:\Windows\System32\KERNEL32.DLL
0x00007ffd9ce50000 - 0x00007ffd9d118000 	C:\Windows\System32\KERNELBASE.dll
0x00007ffd9d1c0000 - 0x00007ffd9d2c0000 	C:\Windows\System32\ucrtbase.dll
0x00007ffd91400000 - 0x00007ffd91417000 	C:\Program Files\Java\zulu11.50.19-ca-jdk11.0.12-win_x64\bin\jli.dll
0x00007ffd9e720000 - 0x00007ffd9e8c1000 	C:\Windows\System32\USER32.dll
0x00007ffd91210000 - 0x00007ffd91225000 	C:\Program Files\Java\zulu11.50.19-ca-jdk11.0.12-win_x64\bin\VCRUNTIME140.dll
0x00007ffd9cd70000 - 0x00007ffd9cd92000 	C:\Windows\System32\win32u.dll
0x00007ffd9eeb0000 - 0x00007ffd9eedb000 	C:\Windows\System32\GDI32.dll
0x00007ffd8d940000 - 0x00007ffd8dbda000 	C:\Windows\WinSxS\amd64_microsoft.windows.common-controls_6595b64144ccf1df_6.0.19041.1110_none_60b5254171f9507e\COMCTL32.dll
0x00007ffd9d350000 - 0x00007ffd9d45b000 	C:\Windows\System32\gdi32full.dll
0x00007ffd9ef90000 - 0x00007ffd9f02e000 	C:\Windows\System32\msvcrt.dll
0x00007ffd9d120000 - 0x00007ffd9d1bd000 	C:\Windows\System32\msvcp_win.dll
0x00007ffd9e990000 - 0x00007ffd9e9c0000 	C:\Windows\System32\IMM32.DLL
0x00007ffd89b10000 - 0x00007ffd89bab000 	C:\Program Files\Java\zulu11.50.19-ca-jdk11.0.12-win_x64\bin\msvcp140.dll
0x00007ffd39570000 - 0x00007ffd3a0d4000 	C:\Program Files\Java\zulu11.50.19-ca-jdk11.0.12-win_x64\bin\server\jvm.dll
0x00007ffd9ed70000 - 0x00007ffd9ee1c000 	C:\Windows\System32\ADVAPI32.dll
0x00007ffd9eee0000 - 0x00007ffd9ef7b000 	C:\Windows\System32\sechost.dll
0x00007ffd9e1c0000 - 0x00007ffd9e2ea000 	C:\Windows\System32\RPCRT4.dll
0x00007ffd9dd40000 - 0x00007ffd9dd48000 	C:\Windows\System32\PSAPI.DLL
0x00007ffd96cf0000 - 0x00007ffd96cf9000 	C:\Windows\SYSTEM32\WSOCK32.dll
0x00007ffd9e9c0000 - 0x00007ffd9ea2b000 	C:\Windows\System32\WS2_32.dll
0x00007ffd95390000 - 0x00007ffd953b7000 	C:\Windows\SYSTEM32\WINMM.dll
0x00007ffd97160000 - 0x00007ffd9716a000 	C:\Windows\SYSTEM32\VERSION.dll
0x00007ffd9aa30000 - 0x00007ffd9aa42000 	C:\Windows\SYSTEM32\kernel.appcore.dll
0x00007ffd96990000 - 0x00007ffd969a0000 	C:\Program Files\Java\zulu11.50.19-ca-jdk11.0.12-win_x64\bin\verify.dll
0x00007ffd95e80000 - 0x00007ffd96064000 	C:\Windows\SYSTEM32\DBGHELP.DLL
0x00007ffd95ab0000 - 0x00007ffd95adc000 	C:\Windows\SYSTEM32\dbgcore.DLL
0x00007ffd9d2c0000 - 0x00007ffd9d343000 	C:\Windows\System32\bcryptPrimitives.dll
0x00007ffd911e0000 - 0x00007ffd91208000 	C:\Program Files\Java\zulu11.50.19-ca-jdk11.0.12-win_x64\bin\java.dll
0x00007ffd956a0000 - 0x00007ffd956aa000 	C:\Program Files\Java\zulu11.50.19-ca-jdk11.0.12-win_x64\bin\jimage.dll
0x00007ffd899f0000 - 0x00007ffd89a28000 	C:\Program Files\Java\zulu11.50.19-ca-jdk11.0.12-win_x64\bin\jdwp.dll
0x00007ffd91490000 - 0x00007ffd9149e000 	C:\Program Files\Java\zulu11.50.19-ca-jdk11.0.12-win_x64\bin\instrument.dll
0x00007ffd8dfb0000 - 0x00007ffd8dfc7000 	C:\Program Files\Java\zulu11.50.19-ca-jdk11.0.12-win_x64\bin\zip.dll
0x00007ffd9d540000 - 0x00007ffd9dc7f000 	C:\Windows\System32\SHELL32.dll
0x00007ffd9ad10000 - 0x00007ffd9b4a0000 	C:\Windows\SYSTEM32\windows.storage.dll
0x00007ffd9dd50000 - 0x00007ffd9e0a5000 	C:\Windows\System32\combase.dll
0x00007ffd9c590000 - 0x00007ffd9c5be000 	C:\Windows\SYSTEM32\Wldp.dll
0x00007ffd9e110000 - 0x00007ffd9e1bd000 	C:\Windows\System32\SHCORE.dll
0x00007ffd9ec40000 - 0x00007ffd9ec95000 	C:\Windows\System32\shlwapi.dll
0x00007ffd9cb50000 - 0x00007ffd9cb6f000 	C:\Windows\SYSTEM32\profapi.dll
0x00007ffd8f4f0000 - 0x00007ffd8f4fa000 	C:\Program Files\Java\zulu11.50.19-ca-jdk11.0.12-win_x64\bin\dt_socket.dll
0x00007ffd9c2f0000 - 0x00007ffd9c35a000 	C:\Windows\System32\mswsock.dll
0x00007ffd9c020000 - 0x00007ffd9c0eb000 	C:\Windows\SYSTEM32\DNSAPI.dll
0x00007ffd9bfe0000 - 0x00007ffd9c01b000 	C:\Windows\SYSTEM32\IPHLPAPI.DLL
0x00007ffd9ef80000 - 0x00007ffd9ef88000 	C:\Windows\System32\NSI.dll
0x00007ffd92d20000 - 0x00007ffd92d9f000 	C:\Windows\System32\fwpuclnt.dll
0x00007ffd9d510000 - 0x00007ffd9d537000 	C:\Windows\System32\bcrypt.dll
0x00007ffd92c70000 - 0x00007ffd92c7a000 	C:\Windows\System32\rasadhlp.dll
0x00007ffd899d0000 - 0x00007ffd899e9000 	C:\Program Files\Java\zulu11.50.19-ca-jdk11.0.12-win_x64\bin\net.dll
0x00007ffd92f00000 - 0x00007ffd9300c000 	C:\Windows\SYSTEM32\WINHTTP.dll
0x00007ffd89600000 - 0x00007ffd89612000 	C:\Program Files\Java\zulu11.50.19-ca-jdk11.0.12-win_x64\bin\nio.dll
0x00007ffd89b00000 - 0x00007ffd89b09000 	C:\Program Files\Java\zulu11.50.19-ca-jdk11.0.12-win_x64\bin\management.dll
0x00007ffd873b0000 - 0x00007ffd873bb000 	C:\Program Files\Java\zulu11.50.19-ca-jdk11.0.12-win_x64\bin\management_ext.dll
0x00007ffd84d60000 - 0x00007ffd84d77000 	C:\Windows\system32\napinsp.dll
0x00007ffd84ce0000 - 0x00007ffd84cfb000 	C:\Windows\system32\pnrpnsp.dll
0x00007ffd97290000 - 0x00007ffd972a5000 	C:\Windows\system32\wshbth.dll
0x00007ffd96c20000 - 0x00007ffd96c3d000 	C:\Windows\system32\NLAapi.dll
0x00007ffd84d40000 - 0x00007ffd84d52000 	C:\Windows\System32\winrnr.dll
0x00007ffd9c4e0000 - 0x00007ffd9c4f8000 	C:\Windows\SYSTEM32\CRYPTSP.dll
0x00007ffd9bc70000 - 0x00007ffd9bca4000 	C:\Windows\system32\rsaenh.dll
0x00007ffd9cb10000 - 0x00007ffd9cb3e000 	C:\Windows\SYSTEM32\USERENV.dll
0x00007ffd9c500000 - 0x00007ffd9c50c000 	C:\Windows\SYSTEM32\CRYPTBASE.dll
0x00007ffd95270000 - 0x00007ffd95287000 	C:\Windows\SYSTEM32\dhcpcsvc6.DLL
0x00007ffd96070000 - 0x00007ffd9608d000 	C:\Windows\SYSTEM32\dhcpcsvc.DLL
0x00007ffd3df30000 - 0x00007ffd3e175000 	C:\Users\cibor\AppData\Local\Temp\io_grpc_netty_shaded_netty_tcnative_windows_x86_644778211834606197804.dll
0x00007ffd7cf60000 - 0x00007ffd7cf85000 	C:\Program Files\Java\zulu11.50.19-ca-jdk11.0.12-win_x64\bin\sunec.dll

dbghelp: loaded successfully - version: 4.0.5 - missing functions: none
symbol engine: initialized successfully - sym options: 0x614 - pdb path: .;C:\Program Files\Java\zulu11.50.19-ca-jdk11.0.12-win_x64\bin;C:\Windows\SYSTEM32;C:\Windows\WinSxS\amd64_microsoft.windows.common-controls_6595b64144ccf1df_6.0.19041.1110_none_60b5254171f9507e;C:\Program Files\Java\zulu11.50.19-ca-jdk11.0.12-win_x64\bin\server;C:\Users\cibor\AppData\Local\Temp

VM Arguments:
jvm_args: -agentlib:jdwp=transport=dt_socket,suspend=y,address=localhost:60782 -ea -javaagent:C:\Users\cibor\eclipse\java-2021-094\eclipse\configuration\org.eclipse.osgi\222\0\.cp\lib\javaagent-shaded.jar -Dfile.encoding=UTF-8 
java_command: org.eclipse.jdt.internal.junit.runner.RemoteTestRunner -version 3 -port 60781 -testLoaderClass org.eclipse.jdt.internal.junit5.runner.JUnit5TestLoader -loaderpluginname org.eclipse.jdt.junit5.runtime -classNames br.com.barter.APIbarter.controllers.ProdutoRestControllerTest
java_class_path (initial): C:\Users\cibor\API-barter\target\test-classes;C:\Users\cibor\API-barter\target\classes;C:\Users\cibor\.p2\pool\plugins\org.junit_4.13.0.v20200204-1500.jar;C:\Users\cibor\.p2\pool\plugins\org.hamcrest.core_1.3.0.v20180420-1519.jar;C:\Users\cibor\.m2\repository\org\springframework\boot\spring-boot-starter-web\2.6.0\spring-boot-starter-web-2.6.0.jar;C:\Users\cibor\.m2\repository\org\springframework\boot\spring-boot-starter\2.6.0\spring-boot-starter-2.6.0.jar;C:\Users\cibor\.m2\repository\org\springframework\boot\spring-boot-starter-logging\2.6.0\spring-boot-starter-logging-2.6.0.jar;C:\Users\cibor\.m2\repository\ch\qos\logback\logback-classic\1.2.7\logback-classic-1.2.7.jar;C:\Users\cibor\.m2\repository\ch\qos\logback\logback-core\1.2.7\logback-core-1.2.7.jar;C:\Users\cibor\.m2\repository\org\apache\logging\log4j\log4j-to-slf4j\2.14.1\log4j-to-slf4j-2.14.1.jar;C:\Users\cibor\.m2\repository\org\apache\logging\log4j\log4j-api\2.14.1\log4j-api-2.14.1.jar;C:\Users\cibor\.m2\repository\org\slf4j\jul-to-slf4j\1.7.32\jul-to-slf4j-1.7.32.jar;C:\Users\cibor\.m2\repository\jakarta\annotation\jakarta.annotation-api\1.3.5\jakarta.annotation-api-1.3.5.jar;C:\Users\cibor\.m2\repository\org\yaml\snakeyaml\1.29\snakeyaml-1.29.jar;C:\Users\cibor\.m2\repository\org\springframework\boot\spring-boot-starter-json\2.6.0\spring-boot-starter-json-2.6.0.jar;C:\Users\cibor\.m2\repository\com\fasterxml\jackson\core\jackson-databind\2.13.0\jackson-databind-2.13.0.jar;C:\Users\cibor\.m2\repository\com\fasterxml\jackson\core\jackson-core\2.13.0\jackson-core-2.13.0.jar;C:\Users\cibor\.m2\repository\com\fasterxml\jackson\datatype\jackson-datatype-jdk8\2.13.0\jackson-datatype-jdk8-2.13.0.jar;C:\Users\cibor\.m2\repository\com\fasterxml\jackson\datatype\jackson-datatype-jsr310\2.13.0\jackson-datatype-jsr310-2.13.0.jar;C:\Users\cibor\.m2\repository\com\fasterxml\jackson\module\jackson-module-parameter-names\2.13.0\jackson-module-parameter-names-2.13.0.jar;C:\Users\cibor\.m2\r
Launcher Type: SUN_STANDARD

[Global flags]
     intx CICompilerCount                          = 3                                         {product} {ergonomic}
     uint ConcGCThreads                            = 1                                         {product} {ergonomic}
     uint G1ConcRefinementThreads                  = 4                                         {product} {ergonomic}
   size_t G1HeapRegionSize                         = 1048576                                   {product} {ergonomic}
    uintx GCDrainStackTargetSize                   = 64                                        {product} {ergonomic}
   size_t InitialHeapSize                          = 67108864                                  {product} {ergonomic}
   size_t MarkStackSize                            = 4194304                                   {product} {ergonomic}
   size_t MaxHeapSize                              = 1046478848                                {product} {ergonomic}
   size_t MaxNewSize                               = 627048448                                 {product} {ergonomic}
   size_t MinHeapDeltaBytes                        = 1048576                                   {product} {ergonomic}
    uintx NonNMethodCodeHeapSize                   = 5830732                                {pd product} {ergonomic}
    uintx NonProfiledCodeHeapSize                  = 122913754                              {pd product} {ergonomic}
    uintx ProfiledCodeHeapSize                     = 122913754                              {pd product} {ergonomic}
    uintx ReservedCodeCacheSize                    = 251658240                              {pd product} {ergonomic}
     bool SegmentedCodeCache                       = true                                      {product} {ergonomic}
     bool UseCompressedClassPointers               = true                                 {lp64_product} {ergonomic}
     bool UseCompressedOops                        = true                                 {lp64_product} {ergonomic}
     bool UseG1GC                                  = true                                      {product} {ergonomic}
     bool UseLargePagesIndividualAllocation        = false                                  {pd product} {ergonomic}

Logging:
Log output configuration:
 #0: stdout all=warning uptime,level,tags
 #1: stderr all=off uptime,level,tags

Environment Variables:
JAVA_HOME=C:\Program Files\Java\zulu11.50.19-ca-jdk11.0.12-win_x64
PATH=C:/Program Files/Java/jdk-16.0.2/bin/server;C:/Program Files/Java/jdk-16.0.2/bin;C:\Program Files\Common Files\Oracle\Java\javapath;C:\Program Files (x86)\Common Files\Oracle\Java\javapath;C:\Program Files\Java\zulu11.50.19-ca-jdk11.0.12-win_x64\bin;C:\Windows\system32;C:\Windows;C:\Windows\System32\Wbem;C:\Windows\System32\WindowsPowerShell\v1.0\;C:\Windows\System32\OpenSSH\;C:\ProgramData\chocolatey\bin;C:\Program Files\nodejs\;C:\Program Files\PowerShell\7\;C:\Program Files (x86)\Yarn\bin\;C:\Program Files\Git\cmd;C:\Program Files\MySQL\MySQL Shell 8.0\bin\;C:\Users\cibor\AppData\Local\Microsoft\WindowsApps;C:\Users\cibor\AppData\Roaming\npm;C:\Users\cibor\AppData\Local\Yarn\bin;C:\Users\cibor\AppData\Local\Programs\Microsoft VS Code\bin;C:\Users\cibor\AppData\Local\GitHubDesktop\bin;C:\Users\cibor\OneDrive\rea de Trabalho;
USERNAME=cibor
OS=Windows_NT
PROCESSOR_IDENTIFIER=Intel64 Family 6 Model 78 Stepping 3, GenuineIntel



---------------  S Y S T E M  ---------------

OS: Windows 10 , 64 bit Build 19041 (10.0.19041.1348)
OS uptime: 21 days 17:01 hours

CPU:total 4 (initial active 4) (2 cores per cpu, 2 threads per core) family 6 model 78 stepping 3 microcode 0xcc, cmov, cx8, fxsr, mmx, sse, sse2, sse3, ssse3, sse4.1, sse4.2, popcnt, avx, avx2, aes, clmul, erms, 3dnowpref, lzcnt, ht, tsc, tscinvbit, bmi1, bmi2, adx, fma

Memory: 4k page, system-wide physical 3986M (322M free)
TotalPageFile size 14734M (AvailPageFile size 2534M)
current process WorkingSet (physical memory assigned to process): 12M, peak: 318M
current process commit charge ("private bytes"): 292M, peak: 352M

vm_info: OpenJDK 64-Bit Server VM (11.0.12+7-LTS) for windows-amd64 JRE (Zulu11.50+19-CA) (11.0.12+7-LTS), built on Jul 12 2021 10:57:42 by "zulu_re" with MS VC++ 15.9 (VS2017)

END.
